<?xml version="1.0" encoding="UTF-8"?>
<coverage generated="1693052555086" clover="3.2.0">
  <project timestamp="1693052555086" name="All files">
    <metrics statements="348" coveredstatements="348" conditionals="48" coveredconditionals="48" methods="146" coveredmethods="139" elements="542" coveredelements="535" complexity="0" loc="348" ncloc="348" packages="5" files="13" classes="13"/>
    <package name="src">
      <metrics statements="13" coveredstatements="13" conditionals="0" coveredconditionals="0" methods="0" coveredmethods="0"/>
      <file name="index.ts" path="C:\chrome-ext-utils\src\index.ts">
        <metrics statements="13" coveredstatements="13" conditionals="0" coveredconditionals="0" methods="0" coveredmethods="0"/>
        <line num="1" count="7" type="stmt"/>
        <line num="2" count="7" type="stmt"/>
        <line num="3" count="7" type="stmt"/>
        <line num="4" count="7" type="stmt"/>
        <line num="5" count="7" type="stmt"/>
        <line num="6" count="7" type="stmt"/>
        <line num="7" count="7" type="stmt"/>
        <line num="8" count="7" type="stmt"/>
        <line num="9" count="7" type="stmt"/>
        <line num="10" count="7" type="stmt"/>
        <line num="11" count="7" type="stmt"/>
        <line num="12" count="7" type="stmt"/>
        <line num="13" count="7" type="stmt"/>
      </file>
    </package>
    <package name="src.messaging">
      <metrics statements="159" coveredstatements="159" conditionals="27" coveredconditionals="27" methods="49" coveredmethods="49"/>
      <file name="crypto-agent.ts" path="C:\chrome-ext-utils\src\messaging\crypto-agent.ts">
        <metrics statements="14" coveredstatements="14" conditionals="0" coveredconditionals="0" methods="5" coveredmethods="5"/>
        <line num="1" count="7" type="stmt"/>
        <line num="9" count="8" type="stmt"/>
        <line num="10" count="15" type="stmt"/>
        <line num="13" count="1" type="stmt"/>
        <line num="22" count="23" type="stmt"/>
        <line num="23" count="23" type="stmt"/>
        <line num="24" count="23" type="stmt"/>
        <line num="25" count="23" type="stmt"/>
        <line num="26" count="23" type="stmt"/>
        <line num="35" count="5" type="stmt"/>
        <line num="36" count="5" type="stmt"/>
        <line num="40" count="5" type="stmt"/>
        <line num="43" count="4" type="stmt"/>
        <line num="44" count="4" type="stmt"/>
      </file>
      <file name="factories.ts" path="C:\chrome-ext-utils\src\messaging\factories.ts">
        <metrics statements="32" coveredstatements="32" conditionals="4" coveredconditionals="4" methods="11" coveredmethods="11"/>
        <line num="1" count="7" type="stmt"/>
        <line num="3" count="7" type="stmt"/>
        <line num="12" count="7" type="stmt"/>
        <line num="13" count="7" type="stmt"/>
        <line num="14" count="7" type="stmt"/>
        <line num="18" count="7" type="stmt"/>
        <line num="24" count="8" type="stmt"/>
        <line num="27" count="1" type="stmt"/>
        <line num="28" count="1" type="stmt"/>
        <line num="29" count="1" type="stmt"/>
        <line num="30" count="1" type="stmt"/>
        <line num="38" count="7" type="stmt"/>
        <line num="41" count="12" type="stmt"/>
        <line num="42" count="12" type="stmt"/>
        <line num="45" count="12" type="stmt"/>
        <line num="55" count="19" type="stmt"/>
        <line num="60" count="31" type="stmt"/>
        <line num="61" count="20" type="stmt"/>
        <line num="64" count="20" type="stmt"/>
        <line num="70" count="20" type="cond" truecount="2" falsecount="0"/>
        <line num="71" count="1" type="stmt"/>
        <line num="74" count="1" type="stmt"/>
        <line num="75" count="1" type="stmt"/>
        <line num="78" count="19" type="stmt"/>
        <line num="79" count="1" type="stmt"/>
        <line num="82" count="20" type="stmt"/>
        <line num="90" count="24" type="stmt"/>
        <line num="93" count="16" type="stmt"/>
        <line num="94" count="16" type="stmt"/>
        <line num="95" count="16" type="stmt"/>
        <line num="96" count="16" type="stmt"/>
        <line num="101" count="16" type="stmt"/>
      </file>
      <file name="message-agent.ts" path="C:\chrome-ext-utils\src\messaging\message-agent.ts">
        <metrics statements="48" coveredstatements="48" conditionals="7" coveredconditionals="7" methods="14" coveredmethods="14"/>
        <line num="1" count="7" type="stmt"/>
        <line num="13" count="19" type="stmt"/>
        <line num="26" count="12" type="stmt"/>
        <line num="40" count="4" type="stmt"/>
        <line num="41" count="4" type="stmt"/>
        <line num="43" count="4" type="stmt"/>
        <line num="62" count="4" type="stmt"/>
        <line num="63" count="4" type="stmt"/>
        <line num="64" count="4" type="stmt"/>
        <line num="66" count="4" type="cond" truecount="1" falsecount="0"/>
        <line num="67" count="2" type="stmt"/>
        <line num="68" count="2" type="stmt"/>
        <line num="74" count="2" type="stmt"/>
        <line num="85" count="6" type="stmt"/>
        <line num="87" count="6" type="stmt"/>
        <line num="88" count="6" type="stmt"/>
        <line num="92" count="6" type="cond" truecount="1" falsecount="0"/>
        <line num="93" count="2" type="stmt"/>
        <line num="96" count="4" type="stmt"/>
        <line num="99" count="6" type="stmt"/>
        <line num="107" count="6" type="stmt"/>
        <line num="109" count="6" type="stmt"/>
        <line num="115" count="6" type="stmt"/>
        <line num="116" count="6" type="stmt"/>
        <line num="118" count="6" type="stmt"/>
        <line num="123" count="6" type="cond" truecount="1" falsecount="0"/>
        <line num="124" count="2" type="stmt"/>
        <line num="127" count="4" type="stmt"/>
        <line num="128" count="4" type="stmt"/>
        <line num="132" count="6" type="stmt"/>
        <line num="135" count="6" type="stmt"/>
        <line num="142" count="18" type="cond" truecount="1" falsecount="0"/>
        <line num="143" count="6" type="stmt"/>
        <line num="144" count="6" type="stmt"/>
        <line num="152" count="18" type="cond" truecount="1" falsecount="0"/>
        <line num="153" count="6" type="stmt"/>
        <line num="154" count="6" type="stmt"/>
        <line num="163" count="20" type="stmt"/>
        <line num="164" count="20" type="stmt"/>
        <line num="165" count="20" type="stmt"/>
        <line num="173" count="8" type="stmt"/>
        <line num="174" count="8" type="stmt"/>
        <line num="176" count="8" type="cond" truecount="2" falsecount="0"/>
        <line num="177" count="8" type="stmt"/>
        <line num="185" count="8" type="stmt"/>
        <line num="186" count="8" type="stmt"/>
        <line num="187" count="8" type="stmt"/>
        <line num="188" count="8" type="stmt"/>
      </file>
      <file name="message-validatior-manager.ts" path="C:\chrome-ext-utils\src\messaging\message-validatior-manager.ts">
        <metrics statements="28" coveredstatements="28" conditionals="4" coveredconditionals="4" methods="7" coveredmethods="7"/>
        <line num="1" count="7" type="stmt"/>
        <line num="8" count="27" type="stmt"/>
        <line num="12" count="22" type="stmt"/>
        <line num="15" count="20" type="stmt"/>
        <line num="25" count="20" type="stmt"/>
        <line num="26" count="20" type="stmt"/>
        <line num="28" count="20" type="stmt"/>
        <line num="45" count="14" type="stmt"/>
        <line num="49" count="14" type="cond" truecount="1" falsecount="0"/>
        <line num="50" count="9" type="stmt"/>
        <line num="54" count="5" type="stmt"/>
        <line num="55" count="5" type="stmt"/>
        <line num="58" count="5" type="stmt"/>
        <line num="59" count="5" type="stmt"/>
        <line num="67" count="6" type="stmt"/>
        <line num="69" count="6" type="cond" truecount="1" falsecount="0"/>
        <line num="70" count="1" type="stmt"/>
        <line num="71" count="1" type="stmt"/>
        <line num="74" count="1" type="stmt"/>
        <line num="75" count="1" type="stmt"/>
        <line num="77" count="6" type="stmt"/>
        <line num="88" count="14" type="stmt"/>
        <line num="89" count="14" type="stmt"/>
        <line num="90" count="14" type="cond" truecount="1" falsecount="0"/>
        <line num="91" count="9" type="stmt"/>
        <line num="100" count="11" type="stmt"/>
        <line num="101" count="11" type="cond" truecount="1" falsecount="0"/>
        <line num="102" count="1" type="stmt"/>
      </file>
      <file name="message-validator.ts" path="C:\chrome-ext-utils\src\messaging\message-validator.ts">
        <metrics statements="19" coveredstatements="19" conditionals="11" coveredconditionals="11" methods="6" coveredmethods="6"/>
        <line num="12" count="23" type="stmt"/>
        <line num="22" count="24" type="stmt"/>
        <line num="23" count="24" type="stmt"/>
        <line num="24" count="24" type="stmt"/>
        <line num="28" count="2" type="stmt"/>
        <line num="32" count="8" type="stmt"/>
        <line num="36" count="8" type="stmt"/>
        <line num="47" count="24" type="cond" truecount="1" falsecount="0"/>
        <line num="48" count="1" type="stmt"/>
        <line num="51" count="23" type="cond" truecount="3" falsecount="0"/>
        <line num="52" count="8" type="stmt"/>
        <line num="61" count="15" type="stmt"/>
        <line num="62" count="15" type="stmt"/>
        <line num="64" count="15" type="cond" truecount="1" falsecount="0"/>
        <line num="69" count="2" type="stmt"/>
        <line num="74" count="13" type="cond" truecount="2" falsecount="0"/>
        <line num="78" count="12" type="cond" truecount="1" falsecount="0"/>
        <line num="79" count="1" type="stmt"/>
        <line num="82" count="11" type="stmt"/>
      </file>
      <file name="session-static-value-provider.ts" path="C:\chrome-ext-utils\src\messaging\session-static-value-provider.ts">
        <metrics statements="18" coveredstatements="18" conditionals="1" coveredconditionals="1" methods="6" coveredmethods="6"/>
        <line num="1" count="7" type="stmt"/>
        <line num="3" count="7" type="stmt"/>
        <line num="10" count="8" type="stmt"/>
        <line num="11" count="2" type="stmt"/>
        <line num="12" count="2" type="stmt"/>
        <line num="15" count="3" type="stmt"/>
        <line num="25" count="2" type="stmt"/>
        <line num="26" count="2" type="stmt"/>
        <line num="32" count="2" type="cond" truecount="1" falsecount="0"/>
        <line num="33" count="1" type="stmt"/>
        <line num="37" count="2" type="stmt"/>
        <line num="40" count="2" type="stmt"/>
        <line num="47" count="23" type="stmt"/>
        <line num="48" count="17" type="stmt"/>
        <line num="51" count="1" type="stmt"/>
        <line num="60" count="2" type="stmt"/>
        <line num="62" count="2" type="stmt"/>
        <line num="67" count="2" type="stmt"/>
      </file>
    </package>
    <package name="src.storage">
      <metrics statements="40" coveredstatements="40" conditionals="1" coveredconditionals="1" methods="22" coveredmethods="18"/>
      <file name="factories.ts" path="C:\chrome-ext-utils\src\storage\factories.ts">
        <metrics statements="4" coveredstatements="4" conditionals="0" coveredconditionals="0" methods="2" coveredmethods="2"/>
        <line num="1" count="7" type="stmt"/>
        <line num="10" count="7" type="stmt"/>
        <line num="14" count="3" type="stmt"/>
        <line num="15" count="3" type="stmt"/>
      </file>
      <file name="indexed-database-agent.ts" path="C:\chrome-ext-utils\src\storage\indexed-database-agent.ts">
        <metrics statements="36" coveredstatements="36" conditionals="1" coveredconditionals="1" methods="20" coveredmethods="16"/>
        <line num="6" count="10" type="stmt"/>
        <line num="7" count="3" type="stmt"/>
        <line num="15" count="3" type="stmt"/>
        <line num="16" count="3" type="stmt"/>
        <line num="24" count="3" type="stmt"/>
        <line num="25" count="3" type="stmt"/>
        <line num="27" count="3" type="stmt"/>
        <line num="32" count="3" type="stmt"/>
        <line num="33" count="3" type="stmt"/>
        <line num="34" count="3" type="stmt"/>
        <line num="37" count="3" type="stmt"/>
        <line num="38" count="1" type="stmt"/>
        <line num="40" count="1" type="cond" truecount="1" falsecount="0"/>
        <line num="41" count="1" type="stmt"/>
        <line num="54" count="2" type="stmt"/>
        <line num="55" count="2" type="stmt"/>
        <line num="56" count="2" type="stmt"/>
        <line num="57" count="2" type="stmt"/>
        <line num="59" count="2" type="stmt"/>
        <line num="64" count="2" type="stmt"/>
        <line num="65" count="2" type="stmt"/>
        <line num="76" count="2" type="stmt"/>
        <line num="77" count="2" type="stmt"/>
        <line num="78" count="2" type="stmt"/>
        <line num="79" count="2" type="stmt"/>
        <line num="81" count="2" type="stmt"/>
        <line num="86" count="2" type="stmt"/>
        <line num="87" count="2" type="stmt"/>
        <line num="98" count="1" type="stmt"/>
        <line num="99" count="1" type="stmt"/>
        <line num="100" count="1" type="stmt"/>
        <line num="101" count="1" type="stmt"/>
        <line num="103" count="1" type="stmt"/>
        <line num="108" count="1" type="stmt"/>
        <line num="109" count="1" type="stmt"/>
        <line num="118" count="3" type="stmt"/>
      </file>
    </package>
    <package name="src.test.mocks">
      <metrics statements="38" coveredstatements="38" conditionals="0" coveredconditionals="0" methods="34" coveredmethods="32"/>
      <file name="mock-utils.ts" path="C:\chrome-ext-utils\src\test\mocks\mock-utils.ts">
        <metrics statements="38" coveredstatements="38" conditionals="0" coveredconditionals="0" methods="34" coveredmethods="32"/>
        <line num="5" count="6" type="stmt"/>
        <line num="7" count="18" type="stmt"/>
        <line num="8" count="6" type="stmt"/>
        <line num="9" count="18" type="stmt"/>
        <line num="10" count="43" type="stmt"/>
        <line num="11" count="6" type="stmt"/>
        <line num="12" count="31" type="stmt"/>
        <line num="13" count="24" type="stmt"/>
        <line num="14" count="6" type="stmt"/>
        <line num="15" count="6" type="stmt"/>
        <line num="17" count="6" type="stmt"/>
        <line num="23" count="6" type="stmt"/>
        <line num="32" count="34" type="stmt"/>
        <line num="37" count="7" type="stmt"/>
        <line num="42" count="6" type="stmt"/>
        <line num="48" count="41" type="stmt"/>
        <line num="53" count="27" type="stmt"/>
        <line num="58" count="8" type="stmt"/>
        <line num="65" count="6" type="stmt"/>
        <line num="73" count="14" type="stmt"/>
        <line num="74" count="14" type="stmt"/>
        <line num="80" count="6" type="stmt"/>
        <line num="83" count="1" type="stmt"/>
        <line num="89" count="7" type="stmt"/>
        <line num="92" count="7" type="stmt"/>
        <line num="100" count="6" type="stmt"/>
        <line num="102" count="1" type="stmt"/>
        <line num="105" count="1" type="stmt"/>
        <line num="107" count="2" type="stmt"/>
        <line num="112" count="6" type="stmt"/>
        <line num="113" count="1" type="stmt"/>
        <line num="118" count="6" type="stmt"/>
        <line num="120" count="3" type="stmt"/>
        <line num="127" count="8" type="stmt"/>
        <line num="128" count="8" type="stmt"/>
        <line num="132" count="8" type="stmt"/>
        <line num="136" count="8" type="stmt"/>
        <line num="140" count="8" type="stmt"/>
      </file>
    </package>
    <package name="src.utils">
      <metrics statements="98" coveredstatements="98" conditionals="20" coveredconditionals="20" methods="41" coveredmethods="40"/>
      <file name="chrome-ext-utils.ts" path="C:\chrome-ext-utils\src\utils\chrome-ext-utils.ts">
        <metrics statements="37" coveredstatements="37" conditionals="10" coveredconditionals="10" methods="13" coveredmethods="13"/>
        <line num="1" count="7" type="stmt"/>
        <line num="4" count="35" type="stmt"/>
        <line num="16" count="13" type="stmt"/>
        <line num="21" count="6" type="cond" truecount="1" falsecount="0"/>
        <line num="22" count="2" type="stmt"/>
        <line num="27" count="6" type="cond" truecount="1" falsecount="0"/>
        <line num="28" count="6" type="stmt"/>
        <line num="29" count="6" type="stmt"/>
        <line num="30" count="6" type="cond" truecount="1" falsecount="0"/>
        <line num="31" count="1" type="stmt"/>
        <line num="35" count="5" type="stmt"/>
        <line num="39" count="5" type="stmt"/>
        <line num="46" count="29" type="stmt"/>
        <line num="47" count="25" type="cond" truecount="1" falsecount="0"/>
        <line num="49" count="3" type="stmt"/>
        <line num="50" count="3" type="stmt"/>
        <line num="52" count="1" type="stmt"/>
        <line num="55" count="22" type="stmt"/>
        <line num="63" count="9" type="stmt"/>
        <line num="64" count="2" type="stmt"/>
        <line num="65" count="2" type="stmt"/>
        <line num="66" count="2" type="stmt"/>
        <line num="67" count="2" type="stmt"/>
        <line num="77" count="10" type="stmt"/>
        <line num="78" count="3" type="cond" truecount="3" falsecount="0"/>
        <line num="79" count="2" type="stmt"/>
        <line num="80" count="2" type="stmt"/>
        <line num="83" count="1" type="stmt"/>
        <line num="84" count="1" type="stmt"/>
        <line num="97" count="9" type="stmt"/>
        <line num="103" count="2" type="stmt"/>
        <line num="104" count="2" type="stmt"/>
        <line num="105" count="12" type="cond" truecount="1" falsecount="0"/>
        <line num="106" count="1" type="stmt"/>
        <line num="108" count="11" type="stmt"/>
        <line num="109" count="11" type="stmt"/>
        <line num="111" count="2" type="stmt"/>
      </file>
      <file name="dom-utils.ts" path="C:\chrome-ext-utils\src\utils\dom-utils.ts">
        <metrics statements="57" coveredstatements="57" conditionals="7" coveredconditionals="7" methods="26" coveredmethods="25"/>
        <line num="7" count="9" type="stmt"/>
        <line num="11" count="2" type="stmt"/>
        <line num="12" count="2" type="cond" truecount="1" falsecount="0"/>
        <line num="13" count="2" type="stmt"/>
        <line num="14" count="2" type="stmt"/>
        <line num="16" count="2" type="stmt"/>
        <line num="24" count="8" type="stmt"/>
        <line num="25" count="1" type="stmt"/>
        <line num="26" count="1" type="stmt"/>
        <line num="27" count="1" type="stmt"/>
        <line num="35" count="8" type="stmt"/>
        <line num="39" count="1" type="stmt"/>
        <line num="40" count="1" type="stmt"/>
        <line num="41" count="1" type="stmt"/>
        <line num="50" count="8" type="stmt"/>
        <line num="51" count="1" type="stmt"/>
        <line num="58" count="1" type="stmt"/>
        <line num="67" count="10" type="stmt"/>
        <line num="71" count="3" type="stmt"/>
        <line num="72" count="3" type="stmt"/>
        <line num="73" count="5" type="cond" truecount="1" falsecount="0"/>
        <line num="74" count="2" type="stmt"/>
        <line num="76" count="3" type="stmt"/>
        <line num="79" count="1" type="stmt"/>
        <line num="87" count="9" type="stmt"/>
        <line num="90" count="2" type="cond" truecount="1" falsecount="0"/>
        <line num="91" count="1" type="stmt"/>
        <line num="92" count="1" type="stmt"/>
        <line num="95" count="1" type="stmt"/>
        <line num="103" count="8" type="stmt"/>
        <line num="104" count="1" type="stmt"/>
        <line num="105" count="1" type="stmt"/>
        <line num="106" count="1" type="stmt"/>
        <line num="108" count="1" type="stmt"/>
        <line num="117" count="12" type="stmt"/>
        <line num="118" count="5" type="stmt"/>
        <line num="120" count="5" type="stmt"/>
        <line num="121" count="5" type="stmt"/>
        <line num="122" count="5" type="stmt"/>
        <line num="123" count="5" type="stmt"/>
        <line num="126" count="5" type="cond" truecount="4" falsecount="0"/>
        <line num="128" count="5" type="stmt"/>
        <line num="136" count="8" type="stmt"/>
        <line num="137" count="1" type="stmt"/>
        <line num="138" count="2" type="stmt"/>
        <line num="141" count="2" type="stmt"/>
        <line num="143" count="2" type="stmt"/>
        <line num="146" count="1" type="stmt"/>
        <line num="147" count="1" type="stmt"/>
        <line num="155" count="8" type="stmt"/>
        <line num="156" count="1" type="stmt"/>
        <line num="158" count="2" type="stmt"/>
        <line num="159" count="2" type="stmt"/>
        <line num="160" count="2" type="stmt"/>
        <line num="165" count="1" type="stmt"/>
        <line num="169" count="8" type="stmt"/>
        <line num="170" count="29" type="stmt"/>
      </file>
      <file name="ts-utils.ts" path="C:\chrome-ext-utils\src\utils\ts-utils.ts">
        <metrics statements="4" coveredstatements="4" conditionals="3" coveredconditionals="3" methods="2" coveredmethods="2"/>
        <line num="7" count="29" type="stmt"/>
        <line num="8" count="22" type="cond" truecount="3" falsecount="0"/>
        <line num="9" count="2" type="stmt"/>
        <line num="11" count="20" type="stmt"/>
      </file>
    </package>
  </project>
</coverage>
