{"C:\\chrome-ext-utils\\src\\index.ts": {"path":"C:\\chrome-ext-utils\\src\\index.ts","statementMap":{"0":{"start":{"line":1,"column":14},"end":{"line":1,"column":null}},"1":{"start":{"line":2,"column":14},"end":{"line":2,"column":null}},"2":{"start":{"line":3,"column":14},"end":{"line":3,"column":null}},"3":{"start":{"line":4,"column":14},"end":{"line":4,"column":null}},"4":{"start":{"line":5,"column":14},"end":{"line":5,"column":null}},"5":{"start":{"line":6,"column":14},"end":{"line":6,"column":null}},"6":{"start":{"line":7,"column":14},"end":{"line":7,"column":null}},"7":{"start":{"line":8,"column":14},"end":{"line":8,"column":null}},"8":{"start":{"line":9,"column":14},"end":{"line":9,"column":null}},"9":{"start":{"line":10,"column":14},"end":{"line":10,"column":null}},"10":{"start":{"line":11,"column":14},"end":{"line":11,"column":null}},"11":{"start":{"line":12,"column":14},"end":{"line":12,"column":null}},"12":{"start":{"line":13,"column":14},"end":{"line":13,"column":null}},"13":{"start":{"line":14,"column":14},"end":{"line":14,"column":null}}},"fnMap":{},"branchMap":{},"s":{"0":7,"1":7,"2":7,"3":7,"4":7,"5":7,"6":7,"7":7,"8":7,"9":7,"10":7,"11":7,"12":7,"13":7},"f":{},"b":{}}
,"C:\\chrome-ext-utils\\src\\messaging\\aes-crypto-agent.ts": {"path":"C:\\chrome-ext-utils\\src\\messaging\\aes-crypto-agent.ts","statementMap":{"0":{"start":{"line":1,"column":21},"end":{"line":1,"column":null}},"1":{"start":{"line":12,"column":13},"end":{"line":12,"column":null}},"2":{"start":{"line":19,"column":31},"end":{"line":19,"column":72}},"3":{"start":{"line":22,"column":4},"end":{"line":22,"column":null}},"4":{"start":{"line":31,"column":17},"end":{"line":31,"column":null}},"5":{"start":{"line":32,"column":16},"end":{"line":32,"column":null}},"6":{"start":{"line":33,"column":21},"end":{"line":33,"column":null}},"7":{"start":{"line":34,"column":28},"end":{"line":34,"column":null}},"8":{"start":{"line":35,"column":4},"end":{"line":35,"column":null}},"9":{"start":{"line":44,"column":16},"end":{"line":44,"column":null}},"10":{"start":{"line":45,"column":33},"end":{"line":47,"column":null}},"11":{"start":{"line":49,"column":39},"end":{"line":50,"column":null}},"12":{"start":{"line":52,"column":33},"end":{"line":52,"column":null}},"13":{"start":{"line":53,"column":4},"end":{"line":53,"column":null}}},"fnMap":{"0":{"name":"(anonymous_1)","decl":{"start":{"line":12,"column":13},"end":{"line":12,"column":null}},"loc":{"start":{"line":12,"column":13},"end":{"line":12,"column":null}}},"1":{"name":"(anonymous_2)","decl":{"start":{"line":19,"column":2},"end":{"line":19,"column":31}},"loc":{"start":{"line":19,"column":72},"end":{"line":19,"column":null}}},"2":{"name":"(anonymous_3)","decl":{"start":{"line":21,"column":2},"end":{"line":21,"column":16}},"loc":{"start":{"line":21,"column":16},"end":{"line":23,"column":null}}},"3":{"name":"(anonymous_4)","decl":{"start":{"line":30,"column":2},"end":{"line":30,"column":10}},"loc":{"start":{"line":30,"column":34},"end":{"line":36,"column":null}}},"4":{"name":"(anonymous_5)","decl":{"start":{"line":43,"column":2},"end":{"line":43,"column":10}},"loc":{"start":{"line":43,"column":43},"end":{"line":54,"column":null}}}},"branchMap":{},"s":{"0":7,"1":8,"2":15,"3":1,"4":23,"5":23,"6":23,"7":23,"8":23,"9":5,"10":5,"11":5,"12":5,"13":4},"f":{"0":8,"1":15,"2":1,"3":23,"4":5},"b":{}}
,"C:\\chrome-ext-utils\\src\\messaging\\chrome-message-agent.ts": {"path":"C:\\chrome-ext-utils\\src\\messaging\\chrome-message-agent.ts","statementMap":{"0":{"start":{"line":1,"column":30},"end":{"line":1,"column":null}},"1":{"start":{"line":14,"column":13},"end":{"line":14,"column":null}},"2":{"start":{"line":29,"column":21},"end":{"line":29,"column":null}},"3":{"start":{"line":43,"column":24},"end":{"line":43,"column":null}},"4":{"start":{"line":44,"column":24},"end":{"line":44,"column":null}},"5":{"start":{"line":46,"column":4},"end":{"line":51,"column":null}},"6":{"start":{"line":65,"column":28},"end":{"line":65,"column":null}},"7":{"start":{"line":66,"column":24},"end":{"line":66,"column":null}},"8":{"start":{"line":67,"column":24},"end":{"line":67,"column":null}},"9":{"start":{"line":69,"column":4},"end":{"line":75,"column":null}},"10":{"start":{"line":70,"column":30},"end":{"line":70,"column":67}},"11":{"start":{"line":71,"column":6},"end":{"line":74,"column":null}},"12":{"start":{"line":77,"column":4},"end":{"line":80,"column":null}},"13":{"start":{"line":88,"column":4},"end":{"line":88,"column":null}},"14":{"start":{"line":90,"column":4},"end":{"line":100,"column":null}},"15":{"start":{"line":91,"column":26},"end":{"line":93,"column":null}},"16":{"start":{"line":95,"column":6},"end":{"line":97,"column":null}},"17":{"start":{"line":96,"column":8},"end":{"line":96,"column":null}},"18":{"start":{"line":99,"column":6},"end":{"line":99,"column":null}},"19":{"start":{"line":102,"column":4},"end":{"line":102,"column":null}},"20":{"start":{"line":110,"column":4},"end":{"line":110,"column":null}},"21":{"start":{"line":112,"column":4},"end":{"line":136,"column":null}},"22":{"start":{"line":118,"column":7},"end":{"line":132,"column":null}},"23":{"start":{"line":119,"column":29},"end":{"line":119,"column":null}},"24":{"start":{"line":121,"column":10},"end":{"line":123,"column":null}},"25":{"start":{"line":126,"column":8},"end":{"line":128,"column":null}},"26":{"start":{"line":127,"column":10},"end":{"line":127,"column":null}},"27":{"start":{"line":130,"column":25},"end":{"line":130,"column":null}},"28":{"start":{"line":131,"column":8},"end":{"line":131,"column":null}},"29":{"start":{"line":135,"column":6},"end":{"line":135,"column":null}},"30":{"start":{"line":138,"column":4},"end":{"line":138,"column":null}},"31":{"start":{"line":145,"column":4},"end":{"line":148,"column":null}},"32":{"start":{"line":146,"column":6},"end":{"line":146,"column":null}},"33":{"start":{"line":147,"column":6},"end":{"line":147,"column":null}},"34":{"start":{"line":155,"column":4},"end":{"line":158,"column":null}},"35":{"start":{"line":156,"column":6},"end":{"line":156,"column":null}},"36":{"start":{"line":157,"column":6},"end":{"line":157,"column":null}},"37":{"start":{"line":166,"column":23},"end":{"line":166,"column":null}},"38":{"start":{"line":167,"column":28},"end":{"line":167,"column":51}},"39":{"start":{"line":168,"column":4},"end":{"line":168,"column":null}},"40":{"start":{"line":176,"column":28},"end":{"line":176,"column":null}},"41":{"start":{"line":177,"column":24},"end":{"line":177,"column":null}},"42":{"start":{"line":179,"column":6},"end":{"line":179,"column":null}},"43":{"start":{"line":180,"column":4},"end":{"line":180,"column":null}},"44":{"start":{"line":188,"column":28},"end":{"line":188,"column":null}},"45":{"start":{"line":189,"column":26},"end":{"line":189,"column":null}},"46":{"start":{"line":190,"column":24},"end":{"line":190,"column":null}},"47":{"start":{"line":191,"column":4},"end":{"line":191,"column":null}}},"fnMap":{"0":{"name":"(anonymous_0)","decl":{"start":{"line":14,"column":13},"end":{"line":14,"column":null}},"loc":{"start":{"line":14,"column":13},"end":{"line":14,"column":null}}},"1":{"name":"(anonymous_1)","decl":{"start":{"line":28,"column":2},"end":{"line":28,"column":null}},"loc":{"start":{"line":30,"column":4},"end":{"line":30,"column":null}}},"2":{"name":"(anonymous_2)","decl":{"start":{"line":38,"column":2},"end":{"line":38,"column":8}},"loc":{"start":{"line":42,"column":19},"end":{"line":53,"column":null}}},"3":{"name":"(anonymous_3)","decl":{"start":{"line":61,"column":2},"end":{"line":61,"column":8}},"loc":{"start":{"line":64,"column":22},"end":{"line":81,"column":null}}},"4":{"name":"(anonymous_4)","decl":{"start":{"line":87,"column":2},"end":{"line":87,"column":24}},"loc":{"start":{"line":87,"column":59},"end":{"line":103,"column":null}}},"5":{"name":"(anonymous_5)","decl":{"start":{"line":90,"column":26},"end":{"line":90,"column":33}},"loc":{"start":{"line":90,"column":33},"end":{"line":100,"column":null}}},"6":{"name":"(anonymous_6)","decl":{"start":{"line":109,"column":2},"end":{"line":109,"column":25}},"loc":{"start":{"line":109,"column":78},"end":{"line":139,"column":null}}},"7":{"name":"(anonymous_7)","decl":{"start":{"line":112,"column":27},"end":{"line":112,"column":null}},"loc":{"start":{"line":115,"column":6},"end":{"line":136,"column":null}}},"8":{"name":"(anonymous_8)","decl":{"start":{"line":118,"column":7},"end":{"line":118,"column":null}},"loc":{"start":{"line":118,"column":7},"end":{"line":132,"column":null}}},"9":{"name":"(anonymous_9)","decl":{"start":{"line":144,"column":2},"end":{"line":144,"column":38}},"loc":{"start":{"line":144,"column":38},"end":{"line":149,"column":null}}},"10":{"name":"(anonymous_10)","decl":{"start":{"line":154,"column":2},"end":{"line":154,"column":39}},"loc":{"start":{"line":154,"column":39},"end":{"line":159,"column":null}}},"11":{"name":"(anonymous_11)","decl":{"start":{"line":165,"column":2},"end":{"line":165,"column":51}},"loc":{"start":{"line":165,"column":52},"end":{"line":169,"column":null}}},"12":{"name":"(anonymous_12)","decl":{"start":{"line":175,"column":2},"end":{"line":175,"column":25}},"loc":{"start":{"line":175,"column":46},"end":{"line":181,"column":null}}},"13":{"name":"(anonymous_13)","decl":{"start":{"line":187,"column":2},"end":{"line":187,"column":34}},"loc":{"start":{"line":187,"column":35},"end":{"line":192,"column":null}}}},"branchMap":{"0":{"loc":{"start":{"line":69,"column":4},"end":{"line":75,"column":null}},"type":"if","locations":[{"start":{"line":69,"column":4},"end":{"line":75,"column":null}}]},"1":{"loc":{"start":{"line":95,"column":6},"end":{"line":97,"column":null}},"type":"if","locations":[{"start":{"line":95,"column":6},"end":{"line":97,"column":null}}]},"2":{"loc":{"start":{"line":126,"column":8},"end":{"line":128,"column":null}},"type":"if","locations":[{"start":{"line":126,"column":8},"end":{"line":128,"column":null}}]},"3":{"loc":{"start":{"line":145,"column":4},"end":{"line":148,"column":null}},"type":"if","locations":[{"start":{"line":145,"column":4},"end":{"line":148,"column":null}}]},"4":{"loc":{"start":{"line":155,"column":4},"end":{"line":158,"column":null}},"type":"if","locations":[{"start":{"line":155,"column":4},"end":{"line":158,"column":null}}]},"5":{"loc":{"start":{"line":179,"column":6},"end":{"line":179,"column":null}},"type":"binary-expr","locations":[{"start":{"line":179,"column":6},"end":{"line":179,"column":39}},{"start":{"line":179,"column":39},"end":{"line":179,"column":null}}]}},"s":{"0":7,"1":19,"2":12,"3":4,"4":4,"5":4,"6":4,"7":4,"8":4,"9":4,"10":2,"11":2,"12":2,"13":6,"14":6,"15":6,"16":6,"17":2,"18":4,"19":6,"20":6,"21":6,"22":6,"23":6,"24":6,"25":6,"26":2,"27":4,"28":4,"29":6,"30":6,"31":18,"32":6,"33":6,"34":18,"35":6,"36":6,"37":20,"38":20,"39":20,"40":8,"41":8,"42":8,"43":8,"44":8,"45":8,"46":8,"47":8},"f":{"0":19,"1":12,"2":4,"3":4,"4":6,"5":6,"6":6,"7":6,"8":6,"9":18,"10":18,"11":20,"12":8,"13":8},"b":{"0":[2],"1":[2],"2":[2],"3":[6],"4":[6],"5":[8,8]}}
,"C:\\chrome-ext-utils\\src\\messaging\\default-message-validatior-manager.ts": {"path":"C:\\chrome-ext-utils\\src\\messaging\\default-message-validatior-manager.ts","statementMap":{"0":{"start":{"line":1,"column":29},"end":{"line":1,"column":null}},"1":{"start":{"line":12,"column":13},"end":{"line":12,"column":null}},"2":{"start":{"line":16,"column":4},"end":{"line":16,"column":null}},"3":{"start":{"line":29,"column":21},"end":{"line":29,"column":null}},"4":{"start":{"line":30,"column":21},"end":{"line":30,"column":null}},"5":{"start":{"line":19,"column":19},"end":{"line":19,"column":65}},"6":{"start":{"line":32,"column":4},"end":{"line":32,"column":null}},"7":{"start":{"line":49,"column":36},"end":{"line":51,"column":null}},"8":{"start":{"line":53,"column":4},"end":{"line":55,"column":null}},"9":{"start":{"line":54,"column":6},"end":{"line":54,"column":null}},"10":{"start":{"line":58,"column":25},"end":{"line":58,"column":null}},"11":{"start":{"line":59,"column":4},"end":{"line":59,"column":null}},"12":{"start":{"line":62,"column":31},"end":{"line":62,"column":null}},"13":{"start":{"line":63,"column":4},"end":{"line":63,"column":null}},"14":{"start":{"line":71,"column":25},"end":{"line":71,"column":null}},"15":{"start":{"line":73,"column":4},"end":{"line":80,"column":null}},"16":{"start":{"line":74,"column":28},"end":{"line":74,"column":null}},"17":{"start":{"line":75,"column":26},"end":{"line":75,"column":null}},"18":{"start":{"line":78,"column":6},"end":{"line":78,"column":null}},"19":{"start":{"line":79,"column":6},"end":{"line":79,"column":null}},"20":{"start":{"line":81,"column":4},"end":{"line":81,"column":null}},"21":{"start":{"line":92,"column":4},"end":{"line":97,"column":null}},"22":{"start":{"line":93,"column":31},"end":{"line":93,"column":null}},"23":{"start":{"line":94,"column":6},"end":{"line":96,"column":null}},"24":{"start":{"line":95,"column":8},"end":{"line":95,"column":null}},"25":{"start":{"line":104,"column":4},"end":{"line":104,"column":null}},"26":{"start":{"line":105,"column":4},"end":{"line":107,"column":null}},"27":{"start":{"line":106,"column":6},"end":{"line":106,"column":null}}},"fnMap":{"0":{"name":"(anonymous_0)","decl":{"start":{"line":12,"column":13},"end":{"line":12,"column":null}},"loc":{"start":{"line":12,"column":13},"end":{"line":12,"column":null}}},"1":{"name":"(anonymous_1)","decl":{"start":{"line":15,"column":2},"end":{"line":15,"column":41}},"loc":{"start":{"line":15,"column":41},"end":{"line":17,"column":null}}},"2":{"name":"(anonymous_2)","decl":{"start":{"line":27,"column":2},"end":{"line":27,"column":null}},"loc":{"start":{"line":31,"column":4},"end":{"line":33,"column":null}}},"3":{"name":"(anonymous_3)","decl":{"start":{"line":41,"column":2},"end":{"line":41,"column":8}},"loc":{"start":{"line":44,"column":28},"end":{"line":64,"column":null}}},"4":{"name":"(anonymous_4)","decl":{"start":{"line":69,"column":2},"end":{"line":69,"column":8}},"loc":{"start":{"line":69,"column":42},"end":{"line":82,"column":null}}},"5":{"name":"(anonymous_5)","decl":{"start":{"line":87,"column":2},"end":{"line":88,"column":3}},"loc":{"start":{"line":90,"column":19},"end":{"line":98,"column":null}}},"6":{"name":"(anonymous_6)","decl":{"start":{"line":103,"column":2},"end":{"line":103,"column":23}},"loc":{"start":{"line":103,"column":59},"end":{"line":108,"column":null}}}},"branchMap":{"0":{"loc":{"start":{"line":53,"column":4},"end":{"line":55,"column":null}},"type":"if","locations":[{"start":{"line":53,"column":4},"end":{"line":55,"column":null}}]},"1":{"loc":{"start":{"line":73,"column":4},"end":{"line":80,"column":null}},"type":"if","locations":[{"start":{"line":73,"column":4},"end":{"line":80,"column":null}}]},"2":{"loc":{"start":{"line":94,"column":6},"end":{"line":96,"column":null}},"type":"if","locations":[{"start":{"line":94,"column":6},"end":{"line":96,"column":null}}]},"3":{"loc":{"start":{"line":105,"column":4},"end":{"line":107,"column":null}},"type":"if","locations":[{"start":{"line":105,"column":4},"end":{"line":107,"column":null}}]}},"s":{"0":7,"1":27,"2":22,"3":20,"4":20,"5":20,"6":20,"7":14,"8":14,"9":9,"10":5,"11":5,"12":5,"13":5,"14":6,"15":6,"16":1,"17":1,"18":1,"19":1,"20":6,"21":14,"22":14,"23":14,"24":9,"25":11,"26":11,"27":1},"f":{"0":27,"1":22,"2":20,"3":14,"4":6,"5":14,"6":11},"b":{"0":[9],"1":[1],"2":[9],"3":[1]}}
,"C:\\chrome-ext-utils\\src\\messaging\\default-message-validator.ts": {"path":"C:\\chrome-ext-utils\\src\\messaging\\default-message-validator.ts","statementMap":{"0":{"start":{"line":12,"column":13},"end":{"line":12,"column":null}},"1":{"start":{"line":22,"column":21},"end":{"line":22,"column":null}},"2":{"start":{"line":23,"column":21},"end":{"line":23,"column":null}},"3":{"start":{"line":24,"column":21},"end":{"line":24,"column":null}},"4":{"start":{"line":28,"column":4},"end":{"line":28,"column":null}},"5":{"start":{"line":32,"column":4},"end":{"line":32,"column":null}},"6":{"start":{"line":36,"column":4},"end":{"line":36,"column":null}},"7":{"start":{"line":47,"column":4},"end":{"line":49,"column":null}},"8":{"start":{"line":48,"column":6},"end":{"line":48,"column":null}},"9":{"start":{"line":51,"column":4},"end":{"line":53,"column":null}},"10":{"start":{"line":52,"column":6},"end":{"line":52,"column":null}},"11":{"start":{"line":61,"column":39},"end":{"line":61,"column":null}},"12":{"start":{"line":62,"column":25},"end":{"line":62,"column":null}},"13":{"start":{"line":64,"column":4},"end":{"line":70,"column":null}},"14":{"start":{"line":69,"column":6},"end":{"line":69,"column":null}},"15":{"start":{"line":74,"column":6},"end":{"line":75,"column":null}},"16":{"start":{"line":78,"column":4},"end":{"line":80,"column":null}},"17":{"start":{"line":79,"column":6},"end":{"line":79,"column":null}},"18":{"start":{"line":82,"column":4},"end":{"line":82,"column":null}}},"fnMap":{"0":{"name":"(anonymous_0)","decl":{"start":{"line":12,"column":13},"end":{"line":12,"column":null}},"loc":{"start":{"line":12,"column":13},"end":{"line":12,"column":null}}},"1":{"name":"(anonymous_1)","decl":{"start":{"line":21,"column":2},"end":{"line":21,"column":null}},"loc":{"start":{"line":25,"column":4},"end":{"line":25,"column":null}}},"2":{"name":"(anonymous_2)","decl":{"start":{"line":27,"column":2},"end":{"line":27,"column":14}},"loc":{"start":{"line":27,"column":14},"end":{"line":29,"column":null}}},"3":{"name":"(anonymous_3)","decl":{"start":{"line":31,"column":2},"end":{"line":31,"column":16}},"loc":{"start":{"line":31,"column":16},"end":{"line":33,"column":null}}},"4":{"name":"(anonymous_4)","decl":{"start":{"line":35,"column":2},"end":{"line":35,"column":19}},"loc":{"start":{"line":35,"column":19},"end":{"line":37,"column":null}}},"5":{"name":"(anonymous_5)","decl":{"start":{"line":45,"column":2},"end":{"line":45,"column":10}},"loc":{"start":{"line":45,"column":59},"end":{"line":83,"column":null}}}},"branchMap":{"0":{"loc":{"start":{"line":47,"column":4},"end":{"line":49,"column":null}},"type":"if","locations":[{"start":{"line":47,"column":4},"end":{"line":49,"column":null}}]},"1":{"loc":{"start":{"line":51,"column":4},"end":{"line":53,"column":null}},"type":"if","locations":[{"start":{"line":51,"column":4},"end":{"line":53,"column":null}}]},"2":{"loc":{"start":{"line":51,"column":8},"end":{"line":51,"column":49}},"type":"binary-expr","locations":[{"start":{"line":51,"column":8},"end":{"line":51,"column":39}},{"start":{"line":51,"column":39},"end":{"line":51,"column":49}}]},"3":{"loc":{"start":{"line":64,"column":4},"end":{"line":70,"column":null}},"type":"if","locations":[{"start":{"line":64,"column":4},"end":{"line":70,"column":null}}]},"4":{"loc":{"start":{"line":65,"column":6},"end":{"line":67,"column":null}},"type":"binary-expr","locations":[{"start":{"line":65,"column":6},"end":{"line":65,"column":25}},{"start":{"line":66,"column":6},"end":{"line":66,"column":null}},{"start":{"line":67,"column":6},"end":{"line":67,"column":null}}]},"5":{"loc":{"start":{"line":74,"column":6},"end":{"line":75,"column":null}},"type":"binary-expr","locations":[{"start":{"line":74,"column":6},"end":{"line":74,"column":null}},{"start":{"line":75,"column":6},"end":{"line":75,"column":null}}]},"6":{"loc":{"start":{"line":78,"column":4},"end":{"line":80,"column":null}},"type":"if","locations":[{"start":{"line":78,"column":4},"end":{"line":80,"column":null}}]}},"s":{"0":23,"1":24,"2":24,"3":24,"4":2,"5":8,"6":8,"7":24,"8":1,"9":23,"10":8,"11":15,"12":15,"13":15,"14":2,"15":13,"16":12,"17":1,"18":11},"f":{"0":23,"1":24,"2":2,"3":8,"4":8,"5":24},"b":{"0":[1],"1":[8],"2":[23,15],"3":[2],"4":[15,14,13],"5":[13,9],"6":[1]}}
,"C:\\chrome-ext-utils\\src\\messaging\\factories.ts": {"path":"C:\\chrome-ext-utils\\src\\messaging\\factories.ts","statementMap":{"0":{"start":{"line":1,"column":29},"end":{"line":1,"column":null}},"1":{"start":{"line":3,"column":31},"end":{"line":3,"column":null}},"2":{"start":{"line":4,"column":35},"end":{"line":4,"column":null}},"3":{"start":{"line":5,"column":47},"end":{"line":5,"column":null}},"4":{"start":{"line":6,"column":40},"end":{"line":6,"column":null}},"5":{"start":{"line":15,"column":41},"end":{"line":15,"column":null}},"6":{"start":{"line":16,"column":43},"end":{"line":16,"column":null}},"7":{"start":{"line":22,"column":13},"end":{"line":22,"column":30}},"8":{"start":{"line":38,"column":13},"end":{"line":38,"column":31}},"9":{"start":{"line":56,"column":13},"end":{"line":56,"column":42}},"10":{"start":{"line":98,"column":13},"end":{"line":98,"column":35}},"11":{"start":{"line":22,"column":33},"end":{"line":31,"column":null}},"12":{"start":{"line":25,"column":22},"end":{"line":25,"column":null}},"13":{"start":{"line":26,"column":2},"end":{"line":26,"column":null}},"14":{"start":{"line":28,"column":22},"end":{"line":28,"column":null}},"15":{"start":{"line":30,"column":2},"end":{"line":30,"column":null}},"16":{"start":{"line":38,"column":34},"end":{"line":47,"column":null}},"17":{"start":{"line":42,"column":4},"end":{"line":42,"column":null}},"18":{"start":{"line":44,"column":23},"end":{"line":44,"column":null}},"19":{"start":{"line":46,"column":2},"end":{"line":46,"column":null}},"20":{"start":{"line":56,"column":45},"end":{"line":91,"column":null}},"21":{"start":{"line":63,"column":37},"end":{"line":64,"column":null}},"22":{"start":{"line":64,"column":4},"end":{"line":64,"column":null}},"23":{"start":{"line":66,"column":27},"end":{"line":66,"column":null}},"24":{"start":{"line":68,"column":34},"end":{"line":71,"column":null}},"25":{"start":{"line":74,"column":2},"end":{"line":88,"column":null}},"26":{"start":{"line":75,"column":4},"end":{"line":77,"column":null}},"27":{"start":{"line":78,"column":4},"end":{"line":80,"column":null}},"28":{"start":{"line":79,"column":6},"end":{"line":79,"column":null}},"29":{"start":{"line":82,"column":4},"end":{"line":86,"column":null}},"30":{"start":{"line":84,"column":8},"end":{"line":84,"column":null}},"31":{"start":{"line":90,"column":2},"end":{"line":90,"column":null}},"32":{"start":{"line":98,"column":38},"end":{"line":113,"column":null}},"33":{"start":{"line":101,"column":22},"end":{"line":101,"column":null}},"34":{"start":{"line":103,"column":24},"end":{"line":103,"column":null}},"35":{"start":{"line":104,"column":2},"end":{"line":104,"column":null}},"36":{"start":{"line":106,"column":27},"end":{"line":109,"column":null}},"37":{"start":{"line":112,"column":2},"end":{"line":112,"column":null}}},"fnMap":{"0":{"name":"(anonymous_1)","decl":{"start":{"line":22,"column":30},"end":{"line":22,"column":33}},"loc":{"start":{"line":22,"column":13},"end":{"line":22,"column":30}}},"1":{"name":"(anonymous_2)","decl":{"start":{"line":38,"column":31},"end":{"line":38,"column":34}},"loc":{"start":{"line":38,"column":13},"end":{"line":38,"column":31}}},"2":{"name":"(anonymous_3)","decl":{"start":{"line":56,"column":42},"end":{"line":56,"column":45}},"loc":{"start":{"line":56,"column":13},"end":{"line":56,"column":42}}},"3":{"name":"(anonymous_4)","decl":{"start":{"line":98,"column":35},"end":{"line":98,"column":38}},"loc":{"start":{"line":98,"column":13},"end":{"line":98,"column":35}}},"4":{"name":"(anonymous_5)","decl":{"start":{"line":22,"column":33},"end":{"line":22,"column":null}},"loc":{"start":{"line":22,"column":33},"end":{"line":31,"column":null}}},"5":{"name":"(anonymous_6)","decl":{"start":{"line":38,"column":34},"end":{"line":38,"column":null}},"loc":{"start":{"line":39,"column":2},"end":{"line":47,"column":null}}},"6":{"name":"(anonymous_7)","decl":{"start":{"line":56,"column":45},"end":{"line":56,"column":null}},"loc":{"start":{"line":61,"column":30},"end":{"line":91,"column":null}}},"7":{"name":"(anonymous_8)","decl":{"start":{"line":63,"column":37},"end":{"line":63,"column":null}},"loc":{"start":{"line":64,"column":4},"end":{"line":64,"column":null}}},"8":{"name":"(anonymous_9)","decl":{"start":{"line":78,"column":38},"end":{"line":78,"column":null}},"loc":{"start":{"line":78,"column":38},"end":{"line":80,"column":null}}},"9":{"name":"(anonymous_10)","decl":{"start":{"line":83,"column":6},"end":{"line":83,"column":null}},"loc":{"start":{"line":83,"column":6},"end":{"line":85,"column":null}}},"10":{"name":"(anonymous_11)","decl":{"start":{"line":98,"column":38},"end":{"line":98,"column":null}},"loc":{"start":{"line":99,"column":2},"end":{"line":113,"column":null}}}},"branchMap":{"0":{"loc":{"start":{"line":60,"column":2},"end":{"line":60,"column":26}},"type":"default-arg","locations":[{"start":{"line":60,"column":25},"end":{"line":60,"column":26}}]},"1":{"loc":{"start":{"line":61,"column":2},"end":{"line":61,"column":30}},"type":"default-arg","locations":[{"start":{"line":61,"column":29},"end":{"line":61,"column":30}}]},"2":{"loc":{"start":{"line":74,"column":2},"end":{"line":88,"column":null}},"type":"if","locations":[{"start":{"line":74,"column":2},"end":{"line":88,"column":null}},{"start":{"line":81,"column":9},"end":{"line":88,"column":null}}]}},"s":{"0":7,"1":7,"2":7,"3":7,"4":7,"5":7,"6":7,"7":8,"8":7,"9":19,"10":24,"11":7,"12":1,"13":1,"14":1,"15":1,"16":7,"17":12,"18":12,"19":12,"20":7,"21":20,"22":31,"23":20,"24":20,"25":20,"26":1,"27":1,"28":1,"29":19,"30":1,"31":20,"32":7,"33":16,"34":16,"35":16,"36":16,"37":16},"f":{"0":8,"1":7,"2":19,"3":24,"4":1,"5":12,"6":20,"7":31,"8":1,"9":1,"10":16},"b":{"0":[12],"1":[12],"2":[1,19]}}
,"C:\\chrome-ext-utils\\src\\messaging\\session-static-key-provider.ts": {"path":"C:\\chrome-ext-utils\\src\\messaging\\session-static-key-provider.ts","statementMap":{"0":{"start":{"line":1,"column":21},"end":{"line":1,"column":null}},"1":{"start":{"line":3,"column":38},"end":{"line":3,"column":null}},"2":{"start":{"line":10,"column":13},"end":{"line":10,"column":null}},"3":{"start":{"line":11,"column":16},"end":{"line":11,"column":19}},"4":{"start":{"line":12,"column":23},"end":{"line":12,"column":26}},"5":{"start":{"line":15,"column":4},"end":{"line":15,"column":null}},"6":{"start":{"line":25,"column":24},"end":{"line":25,"column":null}},"7":{"start":{"line":26,"column":22},"end":{"line":29,"column":null}},"8":{"start":{"line":32,"column":4},"end":{"line":36,"column":null}},"9":{"start":{"line":33,"column":6},"end":{"line":34,"column":null}},"10":{"start":{"line":37,"column":4},"end":{"line":38,"column":null}},"11":{"start":{"line":40,"column":4},"end":{"line":40,"column":null}}},"fnMap":{"0":{"name":"(anonymous_4)","decl":{"start":{"line":10,"column":13},"end":{"line":10,"column":null}},"loc":{"start":{"line":10,"column":13},"end":{"line":10,"column":null}}},"1":{"name":"(anonymous_5)","decl":{"start":{"line":14,"column":2},"end":{"line":14,"column":13}},"loc":{"start":{"line":14,"column":13},"end":{"line":16,"column":null}}},"2":{"name":"(anonymous_6)","decl":{"start":{"line":23,"column":2},"end":{"line":23,"column":8}},"loc":{"start":{"line":23,"column":60},"end":{"line":41,"column":null}}}},"branchMap":{"0":{"loc":{"start":{"line":32,"column":4},"end":{"line":36,"column":null}},"type":"if","locations":[{"start":{"line":32,"column":4},"end":{"line":36,"column":null}}]}},"s":{"0":7,"1":7,"2":8,"3":2,"4":2,"5":3,"6":2,"7":2,"8":2,"9":1,"10":2,"11":2},"f":{"0":8,"1":3,"2":2},"b":{"0":[1]}}
,"C:\\chrome-ext-utils\\src\\messaging\\session-static-token-provider.ts": {"path":"C:\\chrome-ext-utils\\src\\messaging\\session-static-token-provider.ts","statementMap":{"0":{"start":{"line":1,"column":38},"end":{"line":1,"column":null}},"1":{"start":{"line":8,"column":13},"end":{"line":8,"column":null}},"2":{"start":{"line":9,"column":18},"end":{"line":9,"column":21}},"3":{"start":{"line":12,"column":4},"end":{"line":12,"column":null}},"4":{"start":{"line":21,"column":21},"end":{"line":21,"column":null}},"5":{"start":{"line":23,"column":4},"end":{"line":26,"column":null}},"6":{"start":{"line":28,"column":4},"end":{"line":28,"column":null}}},"fnMap":{"0":{"name":"(anonymous_3)","decl":{"start":{"line":8,"column":13},"end":{"line":8,"column":null}},"loc":{"start":{"line":8,"column":13},"end":{"line":8,"column":null}}},"1":{"name":"(anonymous_4)","decl":{"start":{"line":11,"column":2},"end":{"line":11,"column":13}},"loc":{"start":{"line":11,"column":13},"end":{"line":13,"column":null}}},"2":{"name":"(anonymous_5)","decl":{"start":{"line":20,"column":2},"end":{"line":20,"column":8}},"loc":{"start":{"line":20,"column":60},"end":{"line":29,"column":null}}}},"branchMap":{},"s":{"0":7,"1":23,"2":17,"3":1,"4":2,"5":2,"6":2},"f":{"0":23,"1":1,"2":2},"b":{}}
,"C:\\chrome-ext-utils\\src\\storage\\factories.ts": {"path":"C:\\chrome-ext-utils\\src\\storage\\factories.ts","statementMap":{"0":{"start":{"line":1,"column":38},"end":{"line":1,"column":null}},"1":{"start":{"line":10,"column":13},"end":{"line":10,"column":35}},"2":{"start":{"line":10,"column":35},"end":{"line":16,"column":null}},"3":{"start":{"line":14,"column":24},"end":{"line":14,"column":null}},"4":{"start":{"line":15,"column":2},"end":{"line":15,"column":null}}},"fnMap":{"0":{"name":"(anonymous_0)","decl":{"start":{"line":10,"column":13},"end":{"line":10,"column":35}},"loc":{"start":{"line":10,"column":13},"end":{"line":10,"column":35}}},"1":{"name":"(anonymous_1)","decl":{"start":{"line":10,"column":35},"end":{"line":10,"column":null}},"loc":{"start":{"line":12,"column":2},"end":{"line":16,"column":null}}}},"branchMap":{},"s":{"0":7,"1":7,"2":7,"3":3,"4":3},"f":{"0":7,"1":3},"b":{}}
,"C:\\chrome-ext-utils\\src\\storage\\indexed-database-agent.ts": {"path":"C:\\chrome-ext-utils\\src\\storage\\indexed-database-agent.ts","statementMap":{"0":{"start":{"line":6,"column":13},"end":{"line":6,"column":null}},"1":{"start":{"line":15,"column":21},"end":{"line":15,"column":null}},"2":{"start":{"line":16,"column":21},"end":{"line":16,"column":null}},"3":{"start":{"line":7,"column":10},"end":{"line":7,"column":40}},"4":{"start":{"line":24,"column":4},"end":{"line":44,"column":null}},"5":{"start":{"line":25,"column":22},"end":{"line":25,"column":null}},"6":{"start":{"line":32,"column":6},"end":{"line":35,"column":null}},"7":{"start":{"line":33,"column":8},"end":{"line":33,"column":null}},"8":{"start":{"line":34,"column":8},"end":{"line":34,"column":null}},"9":{"start":{"line":37,"column":6},"end":{"line":43,"column":null}},"10":{"start":{"line":38,"column":19},"end":{"line":38,"column":60}},"11":{"start":{"line":40,"column":8},"end":{"line":42,"column":null}},"12":{"start":{"line":41,"column":10},"end":{"line":41,"column":null}},"13":{"start":{"line":54,"column":4},"end":{"line":67,"column":null}},"14":{"start":{"line":55,"column":26},"end":{"line":55,"column":null}},"15":{"start":{"line":56,"column":26},"end":{"line":56,"column":null}},"16":{"start":{"line":57,"column":22},"end":{"line":57,"column":null}},"17":{"start":{"line":64,"column":6},"end":{"line":66,"column":null}},"18":{"start":{"line":65,"column":8},"end":{"line":65,"column":null}},"19":{"start":{"line":76,"column":4},"end":{"line":89,"column":null}},"20":{"start":{"line":77,"column":26},"end":{"line":77,"column":null}},"21":{"start":{"line":78,"column":26},"end":{"line":78,"column":null}},"22":{"start":{"line":79,"column":22},"end":{"line":79,"column":null}},"23":{"start":{"line":86,"column":6},"end":{"line":88,"column":null}},"24":{"start":{"line":87,"column":8},"end":{"line":87,"column":null}},"25":{"start":{"line":98,"column":4},"end":{"line":111,"column":null}},"26":{"start":{"line":99,"column":26},"end":{"line":99,"column":null}},"27":{"start":{"line":100,"column":26},"end":{"line":100,"column":null}},"28":{"start":{"line":101,"column":22},"end":{"line":101,"column":null}},"29":{"start":{"line":108,"column":6},"end":{"line":110,"column":null}},"30":{"start":{"line":109,"column":8},"end":{"line":109,"column":null}},"31":{"start":{"line":118,"column":4},"end":{"line":118,"column":null}}},"fnMap":{"0":{"name":"(anonymous_0)","decl":{"start":{"line":6,"column":13},"end":{"line":6,"column":null}},"loc":{"start":{"line":6,"column":13},"end":{"line":6,"column":null}}},"1":{"name":"(anonymous_1)","decl":{"start":{"line":14,"column":2},"end":{"line":14,"column":null}},"loc":{"start":{"line":17,"column":4},"end":{"line":17,"column":null}}},"2":{"name":"(anonymous_2)","decl":{"start":{"line":23,"column":2},"end":{"line":23,"column":8}},"loc":{"start":{"line":23,"column":30},"end":{"line":45,"column":null}}},"3":{"name":"(anonymous_3)","decl":{"start":{"line":24,"column":23},"end":{"line":24,"column":24}},"loc":{"start":{"line":24,"column":33},"end":{"line":44,"column":null}}},"4":{"name":"(anonymous_4)","decl":{"start":{"line":32,"column":26},"end":{"line":32,"column":null}},"loc":{"start":{"line":32,"column":26},"end":{"line":35,"column":null}}},"5":{"name":"(anonymous_5)","decl":{"start":{"line":37,"column":32},"end":{"line":37,"column":33}},"loc":{"start":{"line":37,"column":33},"end":{"line":43,"column":null}}},"6":{"name":"(anonymous_6)","decl":{"start":{"line":53,"column":2},"end":{"line":53,"column":8}},"loc":{"start":{"line":53,"column":56},"end":{"line":68,"column":null}}},"7":{"name":"(anonymous_7)","decl":{"start":{"line":54,"column":23},"end":{"line":54,"column":24}},"loc":{"start":{"line":54,"column":33},"end":{"line":67,"column":null}}},"8":{"name":"(anonymous_8)","decl":{"start":{"line":64,"column":26},"end":{"line":64,"column":null}},"loc":{"start":{"line":64,"column":26},"end":{"line":66,"column":null}}},"9":{"name":"(anonymous_9)","decl":{"start":{"line":75,"column":2},"end":{"line":75,"column":8}},"loc":{"start":{"line":75,"column":43},"end":{"line":90,"column":null}}},"10":{"name":"(anonymous_10)","decl":{"start":{"line":76,"column":23},"end":{"line":76,"column":24}},"loc":{"start":{"line":76,"column":33},"end":{"line":89,"column":null}}},"11":{"name":"(anonymous_11)","decl":{"start":{"line":86,"column":26},"end":{"line":86,"column":null}},"loc":{"start":{"line":86,"column":26},"end":{"line":88,"column":null}}},"12":{"name":"(anonymous_12)","decl":{"start":{"line":97,"column":2},"end":{"line":97,"column":8}},"loc":{"start":{"line":97,"column":43},"end":{"line":112,"column":null}}},"13":{"name":"(anonymous_13)","decl":{"start":{"line":98,"column":23},"end":{"line":98,"column":24}},"loc":{"start":{"line":98,"column":33},"end":{"line":111,"column":null}}},"14":{"name":"(anonymous_14)","decl":{"start":{"line":108,"column":26},"end":{"line":108,"column":null}},"loc":{"start":{"line":108,"column":26},"end":{"line":110,"column":null}}},"15":{"name":"(anonymous_15)","decl":{"start":{"line":117,"column":2},"end":{"line":117,"column":16}},"loc":{"start":{"line":117,"column":16},"end":{"line":119,"column":null}}}},"branchMap":{"0":{"loc":{"start":{"line":40,"column":8},"end":{"line":42,"column":null}},"type":"if","locations":[{"start":{"line":40,"column":8},"end":{"line":42,"column":null}}]}},"s":{"0":10,"1":3,"2":3,"3":3,"4":3,"5":3,"6":3,"7":3,"8":3,"9":3,"10":1,"11":1,"12":1,"13":2,"14":2,"15":2,"16":2,"17":2,"18":2,"19":2,"20":2,"21":2,"22":2,"23":2,"24":2,"25":1,"26":1,"27":1,"28":1,"29":1,"30":1,"31":3},"f":{"0":10,"1":3,"2":3,"3":3,"4":3,"5":1,"6":2,"7":2,"8":2,"9":2,"10":2,"11":2,"12":1,"13":1,"14":1,"15":3},"b":{"0":[1]}}
,"C:\\chrome-ext-utils\\src\\test\\mocks\\mock-utils.ts": {"path":"C:\\chrome-ext-utils\\src\\test\\mocks\\mock-utils.ts","statementMap":{"0":{"start":{"line":6,"column":7},"end":{"line":6,"column":null}},"1":{"start":{"line":8,"column":13},"end":{"line":8,"column":22}},"2":{"start":{"line":9,"column":13},"end":{"line":9,"column":29}},"3":{"start":{"line":10,"column":13},"end":{"line":10,"column":20}},"4":{"start":{"line":11,"column":13},"end":{"line":11,"column":18}},"5":{"start":{"line":12,"column":13},"end":{"line":12,"column":25}},"6":{"start":{"line":13,"column":13},"end":{"line":13,"column":27}},"7":{"start":{"line":14,"column":13},"end":{"line":14,"column":27}},"8":{"start":{"line":15,"column":13},"end":{"line":15,"column":26}},"9":{"start":{"line":16,"column":13},"end":{"line":16,"column":36}},"10":{"start":{"line":18,"column":13},"end":{"line":18,"column":28}},"11":{"start":{"line":24,"column":13},"end":{"line":24,"column":34}},"12":{"start":{"line":29,"column":13},"end":{"line":29,"column":50}},"13":{"start":{"line":34,"column":13},"end":{"line":34,"column":32}},"14":{"start":{"line":39,"column":13},"end":{"line":39,"column":43}},"15":{"start":{"line":44,"column":13},"end":{"line":44,"column":33}},"16":{"start":{"line":51,"column":13},"end":{"line":51,"column":28}},"17":{"start":{"line":59,"column":13},"end":{"line":59,"column":35}},"18":{"start":{"line":68,"column":13},"end":{"line":68,"column":42}},"19":{"start":{"line":77,"column":13},"end":{"line":77,"column":46}},"20":{"start":{"line":88,"column":13},"end":{"line":88,"column":27}},"21":{"start":{"line":100,"column":13},"end":{"line":100,"column":26}},"22":{"start":{"line":106,"column":13},"end":{"line":106,"column":30}},"23":{"start":{"line":115,"column":13},"end":{"line":115,"column":33}},"24":{"start":{"line":8,"column":25},"end":{"line":8,"column":null}},"25":{"start":{"line":9,"column":32},"end":{"line":9,"column":null}},"26":{"start":{"line":10,"column":23},"end":{"line":10,"column":null}},"27":{"start":{"line":11,"column":21},"end":{"line":11,"column":null}},"28":{"start":{"line":12,"column":28},"end":{"line":12,"column":null}},"29":{"start":{"line":13,"column":30},"end":{"line":13,"column":null}},"30":{"start":{"line":14,"column":30},"end":{"line":14,"column":null}},"31":{"start":{"line":15,"column":29},"end":{"line":15,"column":null}},"32":{"start":{"line":16,"column":39},"end":{"line":16,"column":null}},"33":{"start":{"line":18,"column":31},"end":{"line":22,"column":null}},"34":{"start":{"line":24,"column":37},"end":{"line":27,"column":null}},"35":{"start":{"line":29,"column":53},"end":{"line":32,"column":null}},"36":{"start":{"line":34,"column":35},"end":{"line":37,"column":null}},"37":{"start":{"line":39,"column":46},"end":{"line":42,"column":null}},"38":{"start":{"line":44,"column":36},"end":{"line":49,"column":null}},"39":{"start":{"line":51,"column":31},"end":{"line":57,"column":null}},"40":{"start":{"line":59,"column":38},"end":{"line":66,"column":null}},"41":{"start":{"line":62,"column":2},"end":{"line":65,"column":null}},"42":{"start":{"line":68,"column":45},"end":{"line":75,"column":null}},"43":{"start":{"line":71,"column":2},"end":{"line":74,"column":null}},"44":{"start":{"line":77,"column":49},"end":{"line":86,"column":null}},"45":{"start":{"line":80,"column":2},"end":{"line":85,"column":null}},"46":{"start":{"line":88,"column":30},"end":{"line":98,"column":null}},"47":{"start":{"line":90,"column":21},"end":{"line":90,"column":null}},"48":{"start":{"line":90,"column":27},"end":{"line":90,"column":null}},"49":{"start":{"line":93,"column":2},"end":{"line":97,"column":null}},"50":{"start":{"line":95,"column":53},"end":{"line":95,"column":null}},"51":{"start":{"line":100,"column":29},"end":{"line":104,"column":null}},"52":{"start":{"line":101,"column":2},"end":{"line":103,"column":null}},"53":{"start":{"line":106,"column":33},"end":{"line":113,"column":null}},"54":{"start":{"line":108,"column":2},"end":{"line":112,"column":null}},"55":{"start":{"line":115,"column":36},"end":{"line":131,"column":null}},"56":{"start":{"line":116,"column":2},"end":{"line":118,"column":null}},"57":{"start":{"line":120,"column":2},"end":{"line":122,"column":null}},"58":{"start":{"line":124,"column":2},"end":{"line":126,"column":null}},"59":{"start":{"line":128,"column":2},"end":{"line":130,"column":null}}},"fnMap":{"0":{"name":"(anonymous_4)","decl":{"start":{"line":8,"column":22},"end":{"line":8,"column":25}},"loc":{"start":{"line":8,"column":13},"end":{"line":8,"column":22}}},"1":{"name":"(anonymous_5)","decl":{"start":{"line":9,"column":29},"end":{"line":9,"column":32}},"loc":{"start":{"line":9,"column":13},"end":{"line":9,"column":29}}},"2":{"name":"(anonymous_6)","decl":{"start":{"line":10,"column":20},"end":{"line":10,"column":23}},"loc":{"start":{"line":10,"column":13},"end":{"line":10,"column":20}}},"3":{"name":"(anonymous_7)","decl":{"start":{"line":11,"column":18},"end":{"line":11,"column":21}},"loc":{"start":{"line":11,"column":13},"end":{"line":11,"column":18}}},"4":{"name":"(anonymous_8)","decl":{"start":{"line":12,"column":25},"end":{"line":12,"column":28}},"loc":{"start":{"line":12,"column":13},"end":{"line":12,"column":25}}},"5":{"name":"(anonymous_9)","decl":{"start":{"line":13,"column":27},"end":{"line":13,"column":30}},"loc":{"start":{"line":13,"column":13},"end":{"line":13,"column":27}}},"6":{"name":"(anonymous_10)","decl":{"start":{"line":14,"column":27},"end":{"line":14,"column":30}},"loc":{"start":{"line":14,"column":13},"end":{"line":14,"column":27}}},"7":{"name":"(anonymous_11)","decl":{"start":{"line":15,"column":26},"end":{"line":15,"column":29}},"loc":{"start":{"line":15,"column":13},"end":{"line":15,"column":26}}},"8":{"name":"(anonymous_12)","decl":{"start":{"line":16,"column":36},"end":{"line":16,"column":39}},"loc":{"start":{"line":16,"column":13},"end":{"line":16,"column":36}}},"9":{"name":"(anonymous_13)","decl":{"start":{"line":18,"column":28},"end":{"line":18,"column":31}},"loc":{"start":{"line":18,"column":13},"end":{"line":18,"column":28}}},"10":{"name":"(anonymous_14)","decl":{"start":{"line":24,"column":34},"end":{"line":24,"column":37}},"loc":{"start":{"line":24,"column":13},"end":{"line":24,"column":34}}},"11":{"name":"(anonymous_15)","decl":{"start":{"line":29,"column":50},"end":{"line":29,"column":53}},"loc":{"start":{"line":29,"column":13},"end":{"line":29,"column":50}}},"12":{"name":"(anonymous_16)","decl":{"start":{"line":34,"column":32},"end":{"line":34,"column":35}},"loc":{"start":{"line":34,"column":13},"end":{"line":34,"column":32}}},"13":{"name":"(anonymous_17)","decl":{"start":{"line":39,"column":43},"end":{"line":39,"column":46}},"loc":{"start":{"line":39,"column":13},"end":{"line":39,"column":43}}},"14":{"name":"(anonymous_18)","decl":{"start":{"line":44,"column":33},"end":{"line":44,"column":36}},"loc":{"start":{"line":44,"column":13},"end":{"line":44,"column":33}}},"15":{"name":"(anonymous_19)","decl":{"start":{"line":51,"column":28},"end":{"line":51,"column":31}},"loc":{"start":{"line":51,"column":13},"end":{"line":51,"column":28}}},"16":{"name":"(anonymous_20)","decl":{"start":{"line":59,"column":35},"end":{"line":59,"column":38}},"loc":{"start":{"line":59,"column":13},"end":{"line":59,"column":35}}},"17":{"name":"(anonymous_21)","decl":{"start":{"line":68,"column":42},"end":{"line":68,"column":45}},"loc":{"start":{"line":68,"column":13},"end":{"line":68,"column":42}}},"18":{"name":"(anonymous_22)","decl":{"start":{"line":77,"column":46},"end":{"line":77,"column":49}},"loc":{"start":{"line":77,"column":13},"end":{"line":77,"column":46}}},"19":{"name":"(anonymous_23)","decl":{"start":{"line":88,"column":27},"end":{"line":88,"column":30}},"loc":{"start":{"line":88,"column":13},"end":{"line":88,"column":27}}},"20":{"name":"(anonymous_24)","decl":{"start":{"line":100,"column":26},"end":{"line":100,"column":29}},"loc":{"start":{"line":100,"column":13},"end":{"line":100,"column":26}}},"21":{"name":"(anonymous_25)","decl":{"start":{"line":106,"column":30},"end":{"line":106,"column":33}},"loc":{"start":{"line":106,"column":13},"end":{"line":106,"column":30}}},"22":{"name":"(anonymous_26)","decl":{"start":{"line":115,"column":33},"end":{"line":115,"column":36}},"loc":{"start":{"line":115,"column":13},"end":{"line":115,"column":33}}},"23":{"name":"(anonymous_27)","decl":{"start":{"line":59,"column":38},"end":{"line":59,"column":null}},"loc":{"start":{"line":60,"column":2},"end":{"line":66,"column":null}}},"24":{"name":"(anonymous_28)","decl":{"start":{"line":68,"column":45},"end":{"line":68,"column":null}},"loc":{"start":{"line":69,"column":2},"end":{"line":75,"column":null}}},"25":{"name":"(anonymous_29)","decl":{"start":{"line":77,"column":49},"end":{"line":77,"column":null}},"loc":{"start":{"line":78,"column":2},"end":{"line":86,"column":null}}},"26":{"name":"(anonymous_30)","decl":{"start":{"line":88,"column":30},"end":{"line":88,"column":null}},"loc":{"start":{"line":88,"column":30},"end":{"line":98,"column":null}}},"27":{"name":"(anonymous_31)","decl":{"start":{"line":90,"column":27},"end":{"line":90,"column":34}},"loc":{"start":{"line":90,"column":27},"end":{"line":90,"column":null}}},"28":{"name":"(anonymous_32)","decl":{"start":{"line":95,"column":47},"end":{"line":95,"column":53}},"loc":{"start":{"line":95,"column":53},"end":{"line":95,"column":null}}},"29":{"name":"(anonymous_33)","decl":{"start":{"line":100,"column":29},"end":{"line":100,"column":null}},"loc":{"start":{"line":100,"column":29},"end":{"line":104,"column":null}}},"30":{"name":"(anonymous_34)","decl":{"start":{"line":106,"column":33},"end":{"line":106,"column":null}},"loc":{"start":{"line":106,"column":33},"end":{"line":113,"column":null}}},"31":{"name":"(anonymous_35)","decl":{"start":{"line":115,"column":36},"end":{"line":115,"column":null}},"loc":{"start":{"line":115,"column":36},"end":{"line":131,"column":null}}}},"branchMap":{},"s":{"0":6,"1":18,"2":6,"3":18,"4":43,"5":1,"6":31,"7":24,"8":1,"9":1,"10":6,"11":34,"12":7,"13":41,"14":27,"15":8,"16":1,"17":14,"18":1,"19":7,"20":1,"21":1,"22":3,"23":8,"24":6,"25":6,"26":6,"27":6,"28":6,"29":6,"30":6,"31":6,"32":6,"33":6,"34":6,"35":6,"36":6,"37":6,"38":6,"39":6,"40":6,"41":14,"42":6,"43":1,"44":6,"45":7,"46":6,"47":1,"48":1,"49":1,"50":2,"51":6,"52":1,"53":6,"54":3,"55":6,"56":8,"57":8,"58":8,"59":8},"f":{"0":18,"1":6,"2":18,"3":43,"4":1,"5":31,"6":24,"7":1,"8":1,"9":6,"10":34,"11":7,"12":41,"13":27,"14":8,"15":1,"16":14,"17":1,"18":7,"19":1,"20":1,"21":3,"22":8,"23":14,"24":1,"25":7,"26":1,"27":1,"28":2,"29":1,"30":3,"31":8},"b":{}}
,"C:\\chrome-ext-utils\\src\\utils\\chrome-ext-utils.ts": {"path":"C:\\chrome-ext-utils\\src\\utils\\chrome-ext-utils.ts","statementMap":{"0":{"start":{"line":1,"column":41},"end":{"line":1,"column":null}},"1":{"start":{"line":4,"column":13},"end":{"line":4,"column":23}},"2":{"start":{"line":16,"column":13},"end":{"line":16,"column":39}},"3":{"start":{"line":46,"column":13},"end":{"line":46,"column":25}},"4":{"start":{"line":63,"column":13},"end":{"line":63,"column":29}},"5":{"start":{"line":77,"column":13},"end":{"line":77,"column":32}},"6":{"start":{"line":97,"column":13},"end":{"line":97,"column":26}},"7":{"start":{"line":4,"column":26},"end":{"line":4,"column":67}},"8":{"start":{"line":16,"column":42},"end":{"line":40,"column":null}},"9":{"start":{"line":21,"column":2},"end":{"line":25,"column":null}},"10":{"start":{"line":22,"column":4},"end":{"line":24,"column":null}},"11":{"start":{"line":27,"column":2},"end":{"line":33,"column":null}},"12":{"start":{"line":28,"column":22},"end":{"line":28,"column":null}},"13":{"start":{"line":29,"column":22},"end":{"line":29,"column":36}},"14":{"start":{"line":30,"column":4},"end":{"line":32,"column":null}},"15":{"start":{"line":31,"column":6},"end":{"line":31,"column":null}},"16":{"start":{"line":35,"column":2},"end":{"line":37,"column":null}},"17":{"start":{"line":39,"column":2},"end":{"line":39,"column":null}},"18":{"start":{"line":46,"column":28},"end":{"line":56,"column":null}},"19":{"start":{"line":47,"column":2},"end":{"line":54,"column":null}},"20":{"start":{"line":49,"column":4},"end":{"line":53,"column":null}},"21":{"start":{"line":50,"column":6},"end":{"line":50,"column":null}},"22":{"start":{"line":52,"column":6},"end":{"line":52,"column":null}},"23":{"start":{"line":55,"column":2},"end":{"line":55,"column":null}},"24":{"start":{"line":63,"column":32},"end":{"line":68,"column":null}},"25":{"start":{"line":64,"column":18},"end":{"line":64,"column":null}},"26":{"start":{"line":65,"column":17},"end":{"line":65,"column":null}},"27":{"start":{"line":66,"column":15},"end":{"line":66,"column":null}},"28":{"start":{"line":67,"column":2},"end":{"line":67,"column":null}},"29":{"start":{"line":77,"column":35},"end":{"line":86,"column":null}},"30":{"start":{"line":78,"column":2},"end":{"line":81,"column":null}},"31":{"start":{"line":79,"column":4},"end":{"line":79,"column":null}},"32":{"start":{"line":80,"column":4},"end":{"line":80,"column":null}},"33":{"start":{"line":83,"column":2},"end":{"line":85,"column":null}},"34":{"start":{"line":84,"column":4},"end":{"line":84,"column":null}},"35":{"start":{"line":97,"column":29},"end":{"line":112,"column":null}},"36":{"start":{"line":103,"column":21},"end":{"line":103,"column":null}},"37":{"start":{"line":104,"column":2},"end":{"line":110,"column":null}},"38":{"start":{"line":105,"column":4},"end":{"line":107,"column":null}},"39":{"start":{"line":106,"column":6},"end":{"line":106,"column":null}},"40":{"start":{"line":108,"column":4},"end":{"line":108,"column":null}},"41":{"start":{"line":108,"column":35},"end":{"line":108,"column":null}},"42":{"start":{"line":109,"column":4},"end":{"line":109,"column":null}},"43":{"start":{"line":111,"column":2},"end":{"line":111,"column":null}}},"fnMap":{"0":{"name":"(anonymous_1)","decl":{"start":{"line":4,"column":23},"end":{"line":4,"column":26}},"loc":{"start":{"line":4,"column":13},"end":{"line":4,"column":23}}},"1":{"name":"(anonymous_2)","decl":{"start":{"line":16,"column":39},"end":{"line":16,"column":42}},"loc":{"start":{"line":16,"column":13},"end":{"line":16,"column":39}}},"2":{"name":"(anonymous_3)","decl":{"start":{"line":46,"column":25},"end":{"line":46,"column":28}},"loc":{"start":{"line":46,"column":13},"end":{"line":46,"column":25}}},"3":{"name":"(anonymous_4)","decl":{"start":{"line":63,"column":29},"end":{"line":63,"column":32}},"loc":{"start":{"line":63,"column":13},"end":{"line":63,"column":29}}},"4":{"name":"(anonymous_5)","decl":{"start":{"line":77,"column":32},"end":{"line":77,"column":35}},"loc":{"start":{"line":77,"column":13},"end":{"line":77,"column":32}}},"5":{"name":"(anonymous_6)","decl":{"start":{"line":97,"column":26},"end":{"line":97,"column":29}},"loc":{"start":{"line":97,"column":13},"end":{"line":97,"column":26}}},"6":{"name":"(anonymous_7)","decl":{"start":{"line":16,"column":42},"end":{"line":16,"column":null}},"loc":{"start":{"line":19,"column":2},"end":{"line":40,"column":null}}},"7":{"name":"(anonymous_8)","decl":{"start":{"line":46,"column":28},"end":{"line":46,"column":null}},"loc":{"start":{"line":46,"column":28},"end":{"line":56,"column":null}}},"8":{"name":"(anonymous_9)","decl":{"start":{"line":63,"column":32},"end":{"line":63,"column":39}},"loc":{"start":{"line":63,"column":39},"end":{"line":68,"column":null}}},"9":{"name":"(anonymous_10)","decl":{"start":{"line":77,"column":35},"end":{"line":77,"column":36}},"loc":{"start":{"line":77,"column":51},"end":{"line":86,"column":null}}},"10":{"name":"(anonymous_11)","decl":{"start":{"line":83,"column":48},"end":{"line":83,"column":null}},"loc":{"start":{"line":83,"column":48},"end":{"line":85,"column":null}}},"11":{"name":"(anonymous_12)","decl":{"start":{"line":97,"column":29},"end":{"line":97,"column":null}},"loc":{"start":{"line":101,"column":25},"end":{"line":112,"column":null}}},"12":{"name":"(anonymous_13)","decl":{"start":{"line":108,"column":22},"end":{"line":108,"column":23}},"loc":{"start":{"line":108,"column":35},"end":{"line":108,"column":null}}}},"branchMap":{"0":{"loc":{"start":{"line":21,"column":2},"end":{"line":25,"column":null}},"type":"if","locations":[{"start":{"line":21,"column":2},"end":{"line":25,"column":null}}]},"1":{"loc":{"start":{"line":27,"column":2},"end":{"line":33,"column":null}},"type":"if","locations":[{"start":{"line":27,"column":2},"end":{"line":33,"column":null}}]},"2":{"loc":{"start":{"line":30,"column":4},"end":{"line":32,"column":null}},"type":"if","locations":[{"start":{"line":30,"column":4},"end":{"line":32,"column":null}}]},"3":{"loc":{"start":{"line":47,"column":2},"end":{"line":54,"column":null}},"type":"if","locations":[{"start":{"line":47,"column":2},"end":{"line":54,"column":null}}]},"4":{"loc":{"start":{"line":78,"column":2},"end":{"line":81,"column":null}},"type":"if","locations":[{"start":{"line":78,"column":2},"end":{"line":81,"column":null}}]},"5":{"loc":{"start":{"line":78,"column":6},"end":{"line":78,"column":73}},"type":"binary-expr","locations":[{"start":{"line":78,"column":6},"end":{"line":78,"column":42}},{"start":{"line":78,"column":42},"end":{"line":78,"column":73}}]},"6":{"loc":{"start":{"line":100,"column":2},"end":{"line":100,"column":22}},"type":"default-arg","locations":[{"start":{"line":100,"column":20},"end":{"line":100,"column":22}}]},"7":{"loc":{"start":{"line":101,"column":2},"end":{"line":101,"column":25}},"type":"default-arg","locations":[{"start":{"line":101,"column":21},"end":{"line":101,"column":25}}]},"8":{"loc":{"start":{"line":105,"column":4},"end":{"line":107,"column":null}},"type":"if","locations":[{"start":{"line":105,"column":4},"end":{"line":107,"column":null}}]}},"s":{"0":7,"1":35,"2":13,"3":29,"4":9,"5":10,"6":9,"7":7,"8":7,"9":6,"10":2,"11":6,"12":6,"13":6,"14":6,"15":1,"16":5,"17":5,"18":7,"19":25,"20":3,"21":3,"22":1,"23":22,"24":7,"25":2,"26":2,"27":2,"28":2,"29":7,"30":3,"31":2,"32":2,"33":1,"34":1,"35":7,"36":2,"37":2,"38":12,"39":1,"40":11,"41":11,"42":11,"43":2},"f":{"0":35,"1":13,"2":29,"3":9,"4":10,"5":9,"6":6,"7":25,"8":2,"9":3,"10":1,"11":2,"12":11},"b":{"0":[2],"1":[6],"2":[1],"3":[3],"4":[2],"5":[3,2],"6":[1],"7":[1],"8":[1]}}
,"C:\\chrome-ext-utils\\src\\utils\\dom-utils.ts": {"path":"C:\\chrome-ext-utils\\src\\utils\\dom-utils.ts","statementMap":{"0":{"start":{"line":7,"column":13},"end":{"line":7,"column":32}},"1":{"start":{"line":24,"column":13},"end":{"line":24,"column":29}},"2":{"start":{"line":35,"column":13},"end":{"line":35,"column":34}},"3":{"start":{"line":50,"column":13},"end":{"line":50,"column":27}},"4":{"start":{"line":67,"column":13},"end":{"line":67,"column":28}},"5":{"start":{"line":87,"column":13},"end":{"line":87,"column":33}},"6":{"start":{"line":103,"column":13},"end":{"line":103,"column":34}},"7":{"start":{"line":117,"column":13},"end":{"line":117,"column":21}},"8":{"start":{"line":136,"column":13},"end":{"line":136,"column":22}},"9":{"start":{"line":157,"column":13},"end":{"line":157,"column":24}},"10":{"start":{"line":171,"column":13},"end":{"line":171,"column":24}},"11":{"start":{"line":172,"column":13},"end":{"line":172,"column":24}},"12":{"start":{"line":7,"column":35},"end":{"line":17,"column":null}},"13":{"start":{"line":11,"column":13},"end":{"line":11,"column":null}},"14":{"start":{"line":12,"column":2},"end":{"line":15,"column":null}},"15":{"start":{"line":13,"column":4},"end":{"line":13,"column":null}},"16":{"start":{"line":14,"column":4},"end":{"line":14,"column":null}},"17":{"start":{"line":16,"column":2},"end":{"line":16,"column":null}},"18":{"start":{"line":24,"column":32},"end":{"line":28,"column":null}},"19":{"start":{"line":25,"column":17},"end":{"line":25,"column":null}},"20":{"start":{"line":26,"column":2},"end":{"line":26,"column":null}},"21":{"start":{"line":27,"column":2},"end":{"line":27,"column":null}},"22":{"start":{"line":35,"column":37},"end":{"line":42,"column":null}},"23":{"start":{"line":39,"column":16},"end":{"line":39,"column":null}},"24":{"start":{"line":40,"column":2},"end":{"line":40,"column":null}},"25":{"start":{"line":41,"column":2},"end":{"line":41,"column":null}},"26":{"start":{"line":50,"column":30},"end":{"line":59,"column":null}},"27":{"start":{"line":51,"column":23},"end":{"line":56,"column":null}},"28":{"start":{"line":58,"column":2},"end":{"line":58,"column":null}},"29":{"start":{"line":67,"column":31},"end":{"line":80,"column":null}},"30":{"start":{"line":71,"column":15},"end":{"line":71,"column":36}},"31":{"start":{"line":72,"column":2},"end":{"line":77,"column":null}},"32":{"start":{"line":73,"column":4},"end":{"line":75,"column":null}},"33":{"start":{"line":74,"column":6},"end":{"line":74,"column":null}},"34":{"start":{"line":76,"column":4},"end":{"line":76,"column":null}},"35":{"start":{"line":79,"column":2},"end":{"line":79,"column":null}},"36":{"start":{"line":87,"column":36},"end":{"line":96,"column":null}},"37":{"start":{"line":90,"column":2},"end":{"line":93,"column":null}},"38":{"start":{"line":91,"column":23},"end":{"line":91,"column":null}},"39":{"start":{"line":92,"column":4},"end":{"line":92,"column":null}},"40":{"start":{"line":95,"column":2},"end":{"line":95,"column":null}},"41":{"start":{"line":103,"column":37},"end":{"line":109,"column":null}},"42":{"start":{"line":104,"column":17},"end":{"line":104,"column":null}},"43":{"start":{"line":105,"column":14},"end":{"line":105,"column":null}},"44":{"start":{"line":106,"column":22},"end":{"line":106,"column":41}},"45":{"start":{"line":108,"column":2},"end":{"line":108,"column":null}},"46":{"start":{"line":117,"column":24},"end":{"line":129,"column":null}},"47":{"start":{"line":118,"column":15},"end":{"line":118,"column":null}},"48":{"start":{"line":120,"column":22},"end":{"line":120,"column":56}},"49":{"start":{"line":121,"column":25},"end":{"line":121,"column":40}},"50":{"start":{"line":122,"column":23},"end":{"line":122,"column":57}},"51":{"start":{"line":123,"column":24},"end":{"line":123,"column":38}},"52":{"start":{"line":126,"column":4},"end":{"line":126,"column":null}},"53":{"start":{"line":128,"column":2},"end":{"line":128,"column":null}},"54":{"start":{"line":136,"column":25},"end":{"line":150,"column":null}},"55":{"start":{"line":137,"column":19},"end":{"line":146,"column":null}},"56":{"start":{"line":138,"column":27},"end":{"line":138,"column":null}},"57":{"start":{"line":141,"column":25},"end":{"line":141,"column":null}},"58":{"start":{"line":145,"column":4},"end":{"line":145,"column":null}},"59":{"start":{"line":148,"column":26},"end":{"line":148,"column":null}},"60":{"start":{"line":149,"column":2},"end":{"line":149,"column":null}},"61":{"start":{"line":157,"column":27},"end":{"line":168,"column":null}},"62":{"start":{"line":158,"column":28},"end":{"line":164,"column":null}},"63":{"start":{"line":160,"column":34},"end":{"line":160,"column":76}},"64":{"start":{"line":161,"column":27},"end":{"line":161,"column":null}},"65":{"start":{"line":162,"column":6},"end":{"line":162,"column":null}},"66":{"start":{"line":167,"column":2},"end":{"line":167,"column":null}},"67":{"start":{"line":171,"column":27},"end":{"line":171,"column":null}},"68":{"start":{"line":171,"column":33},"end":{"line":171,"column":null}},"69":{"start":{"line":172,"column":27},"end":{"line":172,"column":null}},"70":{"start":{"line":172,"column":33},"end":{"line":172,"column":null}}},"fnMap":{"0":{"name":"(anonymous_1)","decl":{"start":{"line":7,"column":32},"end":{"line":7,"column":35}},"loc":{"start":{"line":7,"column":13},"end":{"line":7,"column":32}}},"1":{"name":"(anonymous_2)","decl":{"start":{"line":24,"column":29},"end":{"line":24,"column":32}},"loc":{"start":{"line":24,"column":13},"end":{"line":24,"column":29}}},"2":{"name":"(anonymous_3)","decl":{"start":{"line":35,"column":34},"end":{"line":35,"column":37}},"loc":{"start":{"line":35,"column":13},"end":{"line":35,"column":34}}},"3":{"name":"(anonymous_4)","decl":{"start":{"line":50,"column":27},"end":{"line":50,"column":30}},"loc":{"start":{"line":50,"column":13},"end":{"line":50,"column":27}}},"4":{"name":"(anonymous_5)","decl":{"start":{"line":67,"column":28},"end":{"line":67,"column":31}},"loc":{"start":{"line":67,"column":13},"end":{"line":67,"column":28}}},"5":{"name":"(anonymous_6)","decl":{"start":{"line":87,"column":33},"end":{"line":87,"column":36}},"loc":{"start":{"line":87,"column":13},"end":{"line":87,"column":33}}},"6":{"name":"(anonymous_7)","decl":{"start":{"line":103,"column":34},"end":{"line":103,"column":37}},"loc":{"start":{"line":103,"column":13},"end":{"line":103,"column":34}}},"7":{"name":"(anonymous_8)","decl":{"start":{"line":117,"column":21},"end":{"line":117,"column":24}},"loc":{"start":{"line":117,"column":13},"end":{"line":117,"column":21}}},"8":{"name":"(anonymous_9)","decl":{"start":{"line":136,"column":22},"end":{"line":136,"column":25}},"loc":{"start":{"line":136,"column":13},"end":{"line":136,"column":22}}},"9":{"name":"(anonymous_10)","decl":{"start":{"line":157,"column":24},"end":{"line":157,"column":27}},"loc":{"start":{"line":157,"column":13},"end":{"line":157,"column":24}}},"10":{"name":"(anonymous_11)","decl":{"start":{"line":171,"column":24},"end":{"line":171,"column":27}},"loc":{"start":{"line":171,"column":13},"end":{"line":171,"column":24}}},"11":{"name":"(anonymous_12)","decl":{"start":{"line":172,"column":24},"end":{"line":172,"column":27}},"loc":{"start":{"line":172,"column":13},"end":{"line":172,"column":24}}},"12":{"name":"(anonymous_13)","decl":{"start":{"line":7,"column":35},"end":{"line":7,"column":null}},"loc":{"start":{"line":9,"column":2},"end":{"line":17,"column":null}}},"13":{"name":"(anonymous_14)","decl":{"start":{"line":24,"column":32},"end":{"line":24,"column":33}},"loc":{"start":{"line":24,"column":55},"end":{"line":28,"column":null}}},"14":{"name":"(anonymous_15)","decl":{"start":{"line":35,"column":37},"end":{"line":35,"column":null}},"loc":{"start":{"line":37,"column":2},"end":{"line":42,"column":null}}},"15":{"name":"(anonymous_16)","decl":{"start":{"line":50,"column":30},"end":{"line":50,"column":31}},"loc":{"start":{"line":50,"column":31},"end":{"line":59,"column":null}}},"16":{"name":"(anonymous_17)","decl":{"start":{"line":67,"column":31},"end":{"line":67,"column":null}},"loc":{"start":{"line":69,"column":2},"end":{"line":80,"column":null}}},"17":{"name":"(anonymous_18)","decl":{"start":{"line":87,"column":36},"end":{"line":87,"column":null}},"loc":{"start":{"line":88,"column":2},"end":{"line":96,"column":null}}},"18":{"name":"(anonymous_19)","decl":{"start":{"line":103,"column":37},"end":{"line":103,"column":38}},"loc":{"start":{"line":103,"column":38},"end":{"line":109,"column":null}}},"19":{"name":"(anonymous_20)","decl":{"start":{"line":117,"column":24},"end":{"line":117,"column":25}},"loc":{"start":{"line":117,"column":46},"end":{"line":129,"column":null}}},"20":{"name":"(anonymous_21)","decl":{"start":{"line":136,"column":25},"end":{"line":136,"column":26}},"loc":{"start":{"line":136,"column":26},"end":{"line":150,"column":null}}},"21":{"name":"(anonymous_22)","decl":{"start":{"line":137,"column":58},"end":{"line":137,"column":59}},"loc":{"start":{"line":137,"column":59},"end":{"line":146,"column":null}}},"22":{"name":"(anonymous_23)","decl":{"start":{"line":157,"column":27},"end":{"line":157,"column":28}},"loc":{"start":{"line":157,"column":28},"end":{"line":168,"column":null}}},"23":{"name":"(anonymous_24)","decl":{"start":{"line":159,"column":4},"end":{"line":159,"column":5}},"loc":{"start":{"line":159,"column":10},"end":{"line":163,"column":null}}},"24":{"name":"(anonymous_25)","decl":{"start":{"line":171,"column":27},"end":{"line":171,"column":33}},"loc":{"start":{"line":171,"column":33},"end":{"line":171,"column":null}}},"25":{"name":"(anonymous_26)","decl":{"start":{"line":172,"column":27},"end":{"line":172,"column":33}},"loc":{"start":{"line":172,"column":33},"end":{"line":172,"column":null}}}},"branchMap":{"0":{"loc":{"start":{"line":12,"column":2},"end":{"line":15,"column":null}},"type":"if","locations":[{"start":{"line":12,"column":2},"end":{"line":15,"column":null}}]},"1":{"loc":{"start":{"line":73,"column":4},"end":{"line":75,"column":null}},"type":"if","locations":[{"start":{"line":73,"column":4},"end":{"line":75,"column":null}}]},"2":{"loc":{"start":{"line":90,"column":2},"end":{"line":93,"column":null}},"type":"if","locations":[{"start":{"line":90,"column":2},"end":{"line":93,"column":null}}]},"3":{"loc":{"start":{"line":126,"column":4},"end":{"line":126,"column":null}},"type":"binary-expr","locations":[{"start":{"line":126,"column":4},"end":{"line":126,"column":19}},{"start":{"line":126,"column":19},"end":{"line":126,"column":37}},{"start":{"line":126,"column":37},"end":{"line":126,"column":53}},{"start":{"line":126,"column":53},"end":{"line":126,"column":null}}]}},"s":{"0":9,"1":8,"2":8,"3":8,"4":10,"5":9,"6":8,"7":12,"8":8,"9":8,"10":9,"11":30,"12":8,"13":2,"14":2,"15":2,"16":2,"17":2,"18":8,"19":1,"20":1,"21":1,"22":8,"23":1,"24":1,"25":1,"26":8,"27":1,"28":1,"29":8,"30":3,"31":3,"32":5,"33":2,"34":3,"35":1,"36":8,"37":2,"38":1,"39":1,"40":1,"41":8,"42":1,"43":1,"44":1,"45":1,"46":8,"47":5,"48":5,"49":5,"50":5,"51":5,"52":5,"53":5,"54":8,"55":1,"56":2,"57":2,"58":2,"59":1,"60":1,"61":8,"62":1,"63":2,"64":2,"65":2,"66":1,"67":8,"68":1,"69":8,"70":22},"f":{"0":9,"1":8,"2":8,"3":8,"4":10,"5":9,"6":8,"7":12,"8":8,"9":8,"10":9,"11":30,"12":2,"13":1,"14":1,"15":1,"16":3,"17":2,"18":1,"19":5,"20":1,"21":2,"22":1,"23":2,"24":1,"25":22},"b":{"0":[2],"1":[2],"2":[1],"3":[5,4,3,2]}}
,"C:\\chrome-ext-utils\\src\\utils\\ts-utils.ts": {"path":"C:\\chrome-ext-utils\\src\\utils\\ts-utils.ts","statementMap":{"0":{"start":{"line":7,"column":13},"end":{"line":7,"column":29}},"1":{"start":{"line":7,"column":29},"end":{"line":12,"column":null}},"2":{"start":{"line":8,"column":2},"end":{"line":10,"column":null}},"3":{"start":{"line":9,"column":4},"end":{"line":9,"column":null}},"4":{"start":{"line":11,"column":2},"end":{"line":11,"column":null}}},"fnMap":{"0":{"name":"(anonymous_0)","decl":{"start":{"line":7,"column":13},"end":{"line":7,"column":29}},"loc":{"start":{"line":7,"column":13},"end":{"line":7,"column":29}}},"1":{"name":"(anonymous_1)","decl":{"start":{"line":7,"column":29},"end":{"line":7,"column":42}},"loc":{"start":{"line":7,"column":69},"end":{"line":12,"column":null}}}},"branchMap":{"0":{"loc":{"start":{"line":8,"column":2},"end":{"line":10,"column":null}},"type":"if","locations":[{"start":{"line":8,"column":2},"end":{"line":10,"column":null}}]},"1":{"loc":{"start":{"line":8,"column":6},"end":{"line":8,"column":45}},"type":"binary-expr","locations":[{"start":{"line":8,"column":6},"end":{"line":8,"column":24}},{"start":{"line":8,"column":24},"end":{"line":8,"column":45}}]}},"s":{"0":29,"1":8,"2":22,"3":2,"4":20},"f":{"0":29,"1":22},"b":{"0":[2],"1":[22,21]}}
}
