TN:
SF:src\index.ts
FNF:0
FNH:0
DA:1,7
DA:2,7
DA:3,7
DA:4,7
DA:5,7
DA:6,7
DA:7,7
DA:8,7
DA:9,7
DA:10,7
DA:11,7
DA:12,7
DA:13,7
DA:14,7
LF:14
LH:14
BRF:0
BRH:0
end_of_record
TN:
SF:src\messaging\aes-crypto-agent.ts
FN:13,(anonymous_1)
FN:16,(anonymous_2)
FN:18,(anonymous_3)
FN:27,(anonymous_4)
FN:40,(anonymous_5)
FNF:5
FNH:5
FNDA:8,(anonymous_1)
FNDA:15,(anonymous_2)
FNDA:1,(anonymous_3)
FNDA:23,(anonymous_4)
FNDA:5,(anonymous_5)
DA:1,7
DA:13,8
DA:16,15
DA:19,1
DA:28,23
DA:29,23
DA:30,23
DA:31,23
DA:32,23
DA:41,5
DA:42,5
DA:46,5
DA:49,5
DA:50,4
LF:14
LH:14
BRF:0
BRH:0
end_of_record
TN:
SF:src\messaging\chrome-message-agent.ts
FN:14,(anonymous_0)
FN:28,(anonymous_1)
FN:38,(anonymous_2)
FN:61,(anonymous_3)
FN:87,(anonymous_4)
FN:90,(anonymous_5)
FN:109,(anonymous_6)
FN:112,(anonymous_7)
FN:118,(anonymous_8)
FN:144,(anonymous_9)
FN:154,(anonymous_10)
FN:165,(anonymous_11)
FN:175,(anonymous_12)
FN:187,(anonymous_13)
FNF:14
FNH:14
FNDA:19,(anonymous_0)
FNDA:12,(anonymous_1)
FNDA:4,(anonymous_2)
FNDA:4,(anonymous_3)
FNDA:6,(anonymous_4)
FNDA:6,(anonymous_5)
FNDA:6,(anonymous_6)
FNDA:6,(anonymous_7)
FNDA:6,(anonymous_8)
FNDA:18,(anonymous_9)
FNDA:18,(anonymous_10)
FNDA:20,(anonymous_11)
FNDA:8,(anonymous_12)
FNDA:8,(anonymous_13)
DA:1,7
DA:14,19
DA:29,12
DA:43,4
DA:44,4
DA:46,4
DA:65,4
DA:66,4
DA:67,4
DA:69,4
DA:70,2
DA:71,2
DA:77,2
DA:88,6
DA:90,6
DA:91,6
DA:95,6
DA:96,2
DA:99,4
DA:102,6
DA:110,6
DA:112,6
DA:118,6
DA:119,6
DA:121,6
DA:126,6
DA:127,2
DA:130,4
DA:131,4
DA:135,6
DA:138,6
DA:145,18
DA:146,6
DA:147,6
DA:155,18
DA:156,6
DA:157,6
DA:166,20
DA:167,20
DA:168,20
DA:176,8
DA:177,8
DA:179,8
DA:180,8
DA:188,8
DA:189,8
DA:190,8
DA:191,8
LF:48
LH:48
BRDA:69,0,0,2
BRDA:95,1,0,2
BRDA:126,2,0,2
BRDA:145,3,0,6
BRDA:155,4,0,6
BRDA:179,5,0,8
BRDA:179,5,1,8
BRF:7
BRH:7
end_of_record
TN:
SF:src\messaging\default-message-validatior-manager.ts
FN:12,(anonymous_0)
FN:15,(anonymous_1)
FN:27,(anonymous_2)
FN:41,(anonymous_3)
FN:69,(anonymous_4)
FN:87,(anonymous_5)
FN:103,(anonymous_6)
FNF:7
FNH:7
FNDA:27,(anonymous_0)
FNDA:22,(anonymous_1)
FNDA:20,(anonymous_2)
FNDA:14,(anonymous_3)
FNDA:6,(anonymous_4)
FNDA:14,(anonymous_5)
FNDA:11,(anonymous_6)
DA:1,7
DA:12,27
DA:16,22
DA:19,20
DA:29,20
DA:30,20
DA:32,20
DA:49,14
DA:53,14
DA:54,9
DA:58,5
DA:59,5
DA:62,5
DA:63,5
DA:71,6
DA:73,6
DA:74,1
DA:75,1
DA:78,1
DA:79,1
DA:81,6
DA:92,14
DA:93,14
DA:94,14
DA:95,9
DA:104,11
DA:105,11
DA:106,1
LF:28
LH:28
BRDA:53,0,0,9
BRDA:73,1,0,1
BRDA:94,2,0,9
BRDA:105,3,0,1
BRF:4
BRH:4
end_of_record
TN:
SF:src\messaging\default-message-validator.ts
FN:12,(anonymous_0)
FN:21,(anonymous_1)
FN:27,(anonymous_2)
FN:31,(anonymous_3)
FN:35,(anonymous_4)
FN:45,(anonymous_5)
FNF:6
FNH:6
FNDA:23,(anonymous_0)
FNDA:24,(anonymous_1)
FNDA:2,(anonymous_2)
FNDA:8,(anonymous_3)
FNDA:8,(anonymous_4)
FNDA:24,(anonymous_5)
DA:12,23
DA:22,24
DA:23,24
DA:24,24
DA:28,2
DA:32,8
DA:36,8
DA:47,24
DA:48,1
DA:51,23
DA:52,8
DA:61,15
DA:62,15
DA:64,15
DA:69,2
DA:74,13
DA:78,12
DA:79,1
DA:82,11
LF:19
LH:19
BRDA:47,0,0,1
BRDA:51,1,0,8
BRDA:51,2,0,23
BRDA:51,2,1,15
BRDA:64,3,0,2
BRDA:65,4,0,15
BRDA:65,4,1,14
BRDA:65,4,2,13
BRDA:74,5,0,13
BRDA:74,5,1,9
BRDA:78,6,0,1
BRF:11
BRH:11
end_of_record
TN:
SF:src\messaging\factories.ts
FN:22,(anonymous_1)
FN:38,(anonymous_2)
FN:56,(anonymous_3)
FN:98,(anonymous_4)
FN:22,(anonymous_5)
FN:38,(anonymous_6)
FN:56,(anonymous_7)
FN:63,(anonymous_8)
FN:78,(anonymous_9)
FN:83,(anonymous_10)
FN:98,(anonymous_11)
FNF:11
FNH:11
FNDA:8,(anonymous_1)
FNDA:7,(anonymous_2)
FNDA:19,(anonymous_3)
FNDA:24,(anonymous_4)
FNDA:1,(anonymous_5)
FNDA:12,(anonymous_6)
FNDA:20,(anonymous_7)
FNDA:31,(anonymous_8)
FNDA:1,(anonymous_9)
FNDA:1,(anonymous_10)
FNDA:16,(anonymous_11)
DA:1,7
DA:3,7
DA:4,7
DA:5,7
DA:6,7
DA:15,7
DA:16,7
DA:22,8
DA:25,1
DA:26,1
DA:28,1
DA:30,1
DA:38,7
DA:42,12
DA:44,12
DA:46,12
DA:56,19
DA:63,20
DA:64,31
DA:66,20
DA:68,20
DA:74,20
DA:75,1
DA:78,1
DA:79,1
DA:82,19
DA:84,1
DA:90,20
DA:98,24
DA:101,16
DA:103,16
DA:104,16
DA:106,16
DA:112,16
LF:34
LH:34
BRDA:60,0,0,12
BRDA:61,1,0,12
BRDA:74,2,0,1
BRDA:74,2,1,19
BRF:4
BRH:4
end_of_record
TN:
SF:src\messaging\session-static-key-provider.ts
FN:10,(anonymous_4)
FN:14,(anonymous_5)
FN:23,(anonymous_6)
FNF:3
FNH:3
FNDA:8,(anonymous_4)
FNDA:3,(anonymous_5)
FNDA:2,(anonymous_6)
DA:1,7
DA:3,7
DA:10,8
DA:11,2
DA:12,2
DA:15,3
DA:25,2
DA:26,2
DA:32,2
DA:33,1
DA:37,2
DA:40,2
LF:12
LH:12
BRDA:32,0,0,1
BRF:1
BRH:1
end_of_record
TN:
SF:src\messaging\session-static-token-provider.ts
FN:8,(anonymous_3)
FN:11,(anonymous_4)
FN:20,(anonymous_5)
FNF:3
FNH:3
FNDA:23,(anonymous_3)
FNDA:1,(anonymous_4)
FNDA:2,(anonymous_5)
DA:1,7
DA:8,23
DA:9,17
DA:12,1
DA:21,2
DA:23,2
DA:28,2
LF:7
LH:7
BRF:0
BRH:0
end_of_record
TN:
SF:src\storage\factories.ts
FN:10,(anonymous_0)
FN:10,(anonymous_1)
FNF:2
FNH:2
FNDA:7,(anonymous_0)
FNDA:3,(anonymous_1)
DA:1,7
DA:10,7
DA:14,3
DA:15,3
LF:4
LH:4
BRF:0
BRH:0
end_of_record
TN:
SF:src\storage\indexed-database-agent.ts
FN:6,(anonymous_0)
FN:14,(anonymous_1)
FN:23,(anonymous_2)
FN:24,(anonymous_3)
FN:27,(anonymous_4)
FN:32,(anonymous_5)
FN:37,(anonymous_6)
FN:53,(anonymous_7)
FN:54,(anonymous_8)
FN:59,(anonymous_9)
FN:64,(anonymous_10)
FN:75,(anonymous_11)
FN:76,(anonymous_12)
FN:81,(anonymous_13)
FN:86,(anonymous_14)
FN:97,(anonymous_15)
FN:98,(anonymous_16)
FN:103,(anonymous_17)
FN:108,(anonymous_18)
FN:117,(anonymous_19)
FNF:20
FNH:16
FNDA:10,(anonymous_0)
FNDA:3,(anonymous_1)
FNDA:3,(anonymous_2)
FNDA:3,(anonymous_3)
FNDA:0,(anonymous_4)
FNDA:3,(anonymous_5)
FNDA:1,(anonymous_6)
FNDA:2,(anonymous_7)
FNDA:2,(anonymous_8)
FNDA:0,(anonymous_9)
FNDA:2,(anonymous_10)
FNDA:2,(anonymous_11)
FNDA:2,(anonymous_12)
FNDA:0,(anonymous_13)
FNDA:2,(anonymous_14)
FNDA:1,(anonymous_15)
FNDA:1,(anonymous_16)
FNDA:0,(anonymous_17)
FNDA:1,(anonymous_18)
FNDA:3,(anonymous_19)
DA:6,10
DA:7,3
DA:15,3
DA:16,3
DA:24,3
DA:25,3
DA:27,3
DA:32,3
DA:33,3
DA:34,3
DA:37,3
DA:38,1
DA:40,1
DA:41,1
DA:54,2
DA:55,2
DA:56,2
DA:57,2
DA:59,2
DA:64,2
DA:65,2
DA:76,2
DA:77,2
DA:78,2
DA:79,2
DA:81,2
DA:86,2
DA:87,2
DA:98,1
DA:99,1
DA:100,1
DA:101,1
DA:103,1
DA:108,1
DA:109,1
DA:118,3
LF:36
LH:36
BRDA:40,0,0,1
BRF:1
BRH:1
end_of_record
TN:
SF:src\test\mocks\mock-utils.ts
FN:7,(anonymous_4)
FN:8,(anonymous_5)
FN:9,(anonymous_6)
FN:10,(anonymous_7)
FN:11,(anonymous_8)
FN:12,(anonymous_9)
FN:13,(anonymous_10)
FN:14,(anonymous_11)
FN:15,(anonymous_12)
FN:17,(anonymous_13)
FN:23,(anonymous_14)
FN:32,(anonymous_15)
FN:37,(anonymous_16)
FN:42,(anonymous_17)
FN:48,(anonymous_18)
FN:53,(anonymous_19)
FN:58,(anonymous_20)
FN:65,(anonymous_21)
FN:73,(anonymous_22)
FN:80,(anonymous_23)
FN:89,(anonymous_24)
FN:100,(anonymous_25)
FN:112,(anonymous_26)
FN:118,(anonymous_27)
FN:127,(anonymous_28)
FN:73,(anonymous_29)
FN:80,(anonymous_30)
FN:89,(anonymous_31)
FN:100,(anonymous_32)
FN:102,(anonymous_33)
FN:107,(anonymous_34)
FN:112,(anonymous_35)
FN:118,(anonymous_36)
FN:127,(anonymous_37)
FNF:34
FNH:32
FNDA:18,(anonymous_4)
FNDA:6,(anonymous_5)
FNDA:18,(anonymous_6)
FNDA:43,(anonymous_7)
FNDA:1,(anonymous_8)
FNDA:31,(anonymous_9)
FNDA:24,(anonymous_10)
FNDA:1,(anonymous_11)
FNDA:1,(anonymous_12)
FNDA:6,(anonymous_13)
FNDA:0,(anonymous_14)
FNDA:34,(anonymous_15)
FNDA:7,(anonymous_16)
FNDA:0,(anonymous_17)
FNDA:41,(anonymous_18)
FNDA:27,(anonymous_19)
FNDA:8,(anonymous_20)
FNDA:1,(anonymous_21)
FNDA:14,(anonymous_22)
FNDA:1,(anonymous_23)
FNDA:7,(anonymous_24)
FNDA:1,(anonymous_25)
FNDA:1,(anonymous_26)
FNDA:3,(anonymous_27)
FNDA:8,(anonymous_28)
FNDA:14,(anonymous_29)
FNDA:1,(anonymous_30)
FNDA:7,(anonymous_31)
FNDA:1,(anonymous_32)
FNDA:1,(anonymous_33)
FNDA:2,(anonymous_34)
FNDA:1,(anonymous_35)
FNDA:3,(anonymous_36)
FNDA:8,(anonymous_37)
DA:5,6
DA:7,18
DA:8,6
DA:9,18
DA:10,43
DA:11,6
DA:12,31
DA:13,24
DA:14,6
DA:15,6
DA:17,6
DA:23,6
DA:32,34
DA:37,7
DA:42,6
DA:48,41
DA:53,27
DA:58,8
DA:65,6
DA:73,14
DA:74,14
DA:80,6
DA:83,1
DA:89,7
DA:92,7
DA:100,6
DA:102,1
DA:105,1
DA:107,2
DA:112,6
DA:113,1
DA:118,6
DA:120,3
DA:127,8
DA:128,8
DA:132,8
DA:136,8
DA:140,8
LF:38
LH:38
BRF:0
BRH:0
end_of_record
TN:
SF:src\utils\chrome-ext-utils.ts
FN:4,(anonymous_1)
FN:16,(anonymous_2)
FN:46,(anonymous_3)
FN:63,(anonymous_4)
FN:77,(anonymous_5)
FN:97,(anonymous_6)
FN:16,(anonymous_7)
FN:46,(anonymous_8)
FN:63,(anonymous_9)
FN:77,(anonymous_10)
FN:83,(anonymous_11)
FN:97,(anonymous_12)
FN:108,(anonymous_13)
FNF:13
FNH:13
FNDA:35,(anonymous_1)
FNDA:13,(anonymous_2)
FNDA:29,(anonymous_3)
FNDA:9,(anonymous_4)
FNDA:10,(anonymous_5)
FNDA:9,(anonymous_6)
FNDA:6,(anonymous_7)
FNDA:25,(anonymous_8)
FNDA:2,(anonymous_9)
FNDA:3,(anonymous_10)
FNDA:1,(anonymous_11)
FNDA:2,(anonymous_12)
FNDA:11,(anonymous_13)
DA:1,7
DA:4,35
DA:16,13
DA:21,6
DA:22,2
DA:27,6
DA:28,6
DA:29,6
DA:30,6
DA:31,1
DA:35,5
DA:39,5
DA:46,29
DA:47,25
DA:49,3
DA:50,3
DA:52,1
DA:55,22
DA:63,9
DA:64,2
DA:65,2
DA:66,2
DA:67,2
DA:77,10
DA:78,3
DA:79,2
DA:80,2
DA:83,1
DA:84,1
DA:97,9
DA:103,2
DA:104,2
DA:105,12
DA:106,1
DA:108,11
DA:109,11
DA:111,2
LF:37
LH:37
BRDA:21,0,0,2
BRDA:27,1,0,6
BRDA:30,2,0,1
BRDA:47,3,0,3
BRDA:78,4,0,2
BRDA:78,5,0,3
BRDA:78,5,1,2
BRDA:100,6,0,1
BRDA:101,7,0,1
BRDA:105,8,0,1
BRF:10
BRH:10
end_of_record
TN:
SF:src\utils\dom-utils.ts
FN:7,(anonymous_1)
FN:24,(anonymous_2)
FN:35,(anonymous_3)
FN:50,(anonymous_4)
FN:67,(anonymous_5)
FN:87,(anonymous_6)
FN:103,(anonymous_7)
FN:117,(anonymous_8)
FN:136,(anonymous_9)
FN:157,(anonymous_10)
FN:171,(anonymous_11)
FN:172,(anonymous_12)
FN:7,(anonymous_13)
FN:24,(anonymous_14)
FN:35,(anonymous_15)
FN:50,(anonymous_16)
FN:67,(anonymous_17)
FN:87,(anonymous_18)
FN:103,(anonymous_19)
FN:117,(anonymous_20)
FN:136,(anonymous_21)
FN:137,(anonymous_22)
FN:157,(anonymous_23)
FN:159,(anonymous_24)
FN:171,(anonymous_25)
FN:172,(anonymous_26)
FNF:26
FNH:25
FNDA:9,(anonymous_1)
FNDA:8,(anonymous_2)
FNDA:8,(anonymous_3)
FNDA:8,(anonymous_4)
FNDA:10,(anonymous_5)
FNDA:9,(anonymous_6)
FNDA:8,(anonymous_7)
FNDA:12,(anonymous_8)
FNDA:8,(anonymous_9)
FNDA:8,(anonymous_10)
FNDA:8,(anonymous_11)
FNDA:29,(anonymous_12)
FNDA:2,(anonymous_13)
FNDA:1,(anonymous_14)
FNDA:1,(anonymous_15)
FNDA:1,(anonymous_16)
FNDA:3,(anonymous_17)
FNDA:2,(anonymous_18)
FNDA:1,(anonymous_19)
FNDA:5,(anonymous_20)
FNDA:1,(anonymous_21)
FNDA:2,(anonymous_22)
FNDA:1,(anonymous_23)
FNDA:2,(anonymous_24)
FNDA:0,(anonymous_25)
FNDA:21,(anonymous_26)
DA:7,9
DA:11,2
DA:12,2
DA:13,2
DA:14,2
DA:16,2
DA:24,8
DA:25,1
DA:26,1
DA:27,1
DA:35,8
DA:39,1
DA:40,1
DA:41,1
DA:50,8
DA:51,1
DA:58,1
DA:67,10
DA:71,3
DA:72,3
DA:73,5
DA:74,2
DA:76,3
DA:79,1
DA:87,9
DA:90,2
DA:91,1
DA:92,1
DA:95,1
DA:103,8
DA:104,1
DA:105,1
DA:106,1
DA:108,1
DA:117,12
DA:118,5
DA:120,5
DA:121,5
DA:122,5
DA:123,5
DA:126,5
DA:128,5
DA:136,8
DA:137,1
DA:138,2
DA:141,2
DA:145,2
DA:148,1
DA:149,1
DA:157,8
DA:158,1
DA:160,2
DA:161,2
DA:162,2
DA:167,1
DA:171,8
DA:172,29
LF:57
LH:57
BRDA:12,0,0,2
BRDA:73,1,0,2
BRDA:90,2,0,1
BRDA:126,3,0,5
BRDA:126,3,1,4
BRDA:126,3,2,3
BRDA:126,3,3,2
BRF:7
BRH:7
end_of_record
TN:
SF:src\utils\ts-utils.ts
FN:7,(anonymous_0)
FN:7,(anonymous_1)
FNF:2
FNH:2
FNDA:29,(anonymous_0)
FNDA:22,(anonymous_1)
DA:7,29
DA:8,22
DA:9,2
DA:11,20
LF:4
LH:4
BRDA:8,0,0,2
BRDA:8,1,0,22
BRDA:8,1,1,21
BRF:3
BRH:3
end_of_record
